2024-06-20 22:39:47,916 [INFO] Activator:176 - 


2024-06-20 22:39:47,918 [INFO] Activator:177 - !SESSION log4j initialized
2024-06-20 22:39:51,207 [INFO] LogOutputStream:77 - [STDOUT_REDIRECT] 
2024-06-20 22:39:53,781 [INFO] ApplicationProperties:184 - Using Application install path: C:\STM32CubeIDE_1.15.1\STM32CubeIDE\plugins\com.st.stm32cube.common.mx_6.11.1.202404110753
2024-06-20 22:39:53,803 [INFO] DbMcusXml:78 - Set database path to: C:\STM32CubeIDE_1.15.1\STM32CubeIDE\plugins\com.st.stm32cube.common.mx_6.11.1.202404110753\\db\/mcu/
2024-06-20 22:39:53,804 [INFO] ApiDb:274 - Set plugin database path to: C:\STM32CubeIDE_1.15.1\STM32CubeIDE\plugins\com.st.stm32cube.common.mx_6.11.1.202404110753\\db\/plugins/boardmanager/
2024-06-20 22:39:53,862 [WARN] ApiDb:259 - Overriding images path with different value:  => C:\STM32CubeIDE_1.15.1\STM32CubeIDE\plugins\com.st.stm32cube.common.mx_6.11.1.202404110753\\db\/plugins/mcufinder/images/
2024-06-20 22:39:55,493 [WARN] ApiFinderProperties:113 - C:\Users\jinge\.stmcufinder\plugins\mcufinder\mcu\mcuFinder.mfd doesn't exist
2024-06-20 22:39:55,493 [INFO] ApiDb:250 - Set database path to: C:\Users\jinge\.stmcufinder\plugins\mcufinder//mcu/
2024-06-20 22:39:55,495 [INFO] DbMcusAds:125 - Set database path to: C:\Users\jinge\.stmcufinder\plugins\mcufinder//mcu/
2024-06-20 22:39:55,497 [INFO] CrossReferenceDbSqlite:203 - Set database path to: C:\Users\jinge\.stmcufinder\plugins\mcufinder//mcu/cs/
2024-06-20 22:39:55,593 [INFO] RulesReader:64 - Compatibility file has been processed (297 Rules)
2024-06-20 22:39:55,658 [INFO] DbMcusXml:78 - Set database path to: C:\STM32CubeIDE_1.15.1\STM32CubeIDE\plugins\com.st.stm32cube.common.mx_6.11.1.202404110753\\db\/mcu/
2024-06-20 22:39:55,658 [INFO] ApiDb:274 - Set plugin database path to: C:\STM32CubeIDE_1.15.1\STM32CubeIDE\plugins\com.st.stm32cube.common.mx_6.11.1.202404110753\\db\/plugins/boardmanager/
2024-06-20 22:39:55,660 [INFO] ApiDb:261 - Set plugin images path to: C:\STM32CubeIDE_1.15.1\STM32CubeIDE\plugins\com.st.stm32cube.common.mx_6.11.1.202404110753\\db\/plugins/mcufinder/images/
2024-06-20 22:39:55,660 [WARN] DbFile:41 - Overriding database path with different value: C:\Users\jinge\.stmcufinder\plugins\mcufinder/ => C:\Users\jinge\.stmcufinder\plugins\mcufinder
2024-06-20 22:39:55,660 [INFO] ApiDb:250 - Set database path to: C:\Users\jinge\.stmcufinder\plugins\mcufinder//mcu/
2024-06-20 22:39:55,660 [WARN] DbFile:41 - Overriding database path with different value: C:\Users\jinge\.stmcufinder\plugins\mcufinder/ => C:\Users\jinge\.stmcufinder\plugins\mcufinder
2024-06-20 22:39:55,660 [INFO] DbMcusAds:125 - Set database path to: C:\Users\jinge\.stmcufinder\plugins\mcufinder//mcu/
2024-06-20 22:39:55,660 [WARN] DbFile:41 - Overriding database path with different value: C:\Users\jinge\.stmcufinder\plugins\mcufinder/ => C:\Users\jinge\.stmcufinder\plugins\mcufinder
2024-06-20 22:39:55,661 [WARN] DbFile:41 - Overriding database path with different value: C:\Users\jinge\.stmcufinder\plugins\mcufinder/ => C:\Users\jinge\.stmcufinder\plugins\mcufinder
2024-06-20 22:39:55,661 [INFO] CrossReferenceDbSqlite:203 - Set database path to: C:\Users\jinge\.stmcufinder\plugins\mcufinder//mcu/cs/
2024-06-20 22:39:55,724 [INFO] MainPanel:264 - HeapMemory: 268435456
2024-06-20 22:39:55,782 [INFO] DbMcusXml:78 - Set database path to: C:\STM32CubeIDE_1.15.1\STM32CubeIDE\plugins\com.st.stm32cube.common.mx_6.11.1.202404110753\\db\/mcu/
2024-06-20 22:39:55,782 [INFO] ApiDb:274 - Set plugin database path to: C:\STM32CubeIDE_1.15.1\STM32CubeIDE\plugins\com.st.stm32cube.common.mx_6.11.1.202404110753\\db\/plugins/boardmanager/
2024-06-20 22:39:55,782 [INFO] ApiDb:261 - Set plugin images path to: C:\STM32CubeIDE_1.15.1\STM32CubeIDE\plugins\com.st.stm32cube.common.mx_6.11.1.202404110753\\db\/plugins/mcufinder/images/
2024-06-20 22:39:55,783 [WARN] DbFile:41 - Overriding database path with different value: C:\Users\jinge\.stmcufinder\plugins\mcufinder/ => C:\Users\jinge\.stmcufinder\plugins\mcufinder
2024-06-20 22:39:55,783 [INFO] ApiDb:250 - Set database path to: C:\Users\jinge\.stmcufinder\plugins\mcufinder//mcu/
2024-06-20 22:39:55,783 [WARN] DbFile:41 - Overriding database path with different value: C:\Users\jinge\.stmcufinder\plugins\mcufinder/ => C:\Users\jinge\.stmcufinder\plugins\mcufinder
2024-06-20 22:39:55,783 [INFO] DbMcusAds:125 - Set database path to: C:\Users\jinge\.stmcufinder\plugins\mcufinder//mcu/
2024-06-20 22:39:55,783 [WARN] DbFile:41 - Overriding database path with different value: C:\Users\jinge\.stmcufinder\plugins\mcufinder/ => C:\Users\jinge\.stmcufinder\plugins\mcufinder
2024-06-20 22:39:55,783 [WARN] DbFile:41 - Overriding database path with different value: C:\Users\jinge\.stmcufinder\plugins\mcufinder/ => C:\Users\jinge\.stmcufinder\plugins\mcufinder
2024-06-20 22:39:55,783 [INFO] CrossReferenceDbSqlite:203 - Set database path to: C:\Users\jinge\.stmcufinder\plugins\mcufinder//mcu/cs/
2024-06-20 22:39:55,797 [INFO] ApplicationProperties:184 - Using Application install path: C:\STM32CubeIDE_1.15.1\STM32CubeIDE\plugins\com.st.stm32cube.common.mx_6.11.1.202404110753
2024-06-20 22:39:55,798 [INFO] PluginManage:196 - Search for loadable plugins [exclusion list=, ]
2024-06-20 22:39:55,799 [INFO] PluginManage:310 - Check plugin analytics
2024-06-20 22:39:55,941 [INFO] AnalyticsPlugin:253 - Accepted Software Licenses: 
2024-06-20 22:39:55,941 [INFO] AnalyticsPlugin:255 - Accepted CMSIS Pack Licenses: 
2024-06-20 22:39:55,941 [INFO] AnalyticsPlugin:257 - Accepted Firmware Licenses: 
2024-06-20 22:39:55,944 [INFO] PluginManage:359 - Loaded plugin analytics (category:tool,tabindex:-1)
2024-06-20 22:39:55,945 [INFO] PluginManage:310 - Check plugin cadmodel
2024-06-20 22:39:55,948 [INFO] CADModel:105 - Init CAD model plugin
2024-06-20 22:39:55,948 [INFO] PluginManage:359 - Loaded plugin cadmodel (category:power,tabindex:5)
2024-06-20 22:39:55,949 [INFO] PluginManage:310 - Check plugin clock
2024-06-20 22:39:55,957 [INFO] PluginManage:359 - Loaded plugin clock (category:base,tabindex:2)
2024-06-20 22:39:55,957 [INFO] PluginManage:310 - Check plugin ddr
2024-06-20 22:39:55,959 [INFO] PluginManage:359 - Loaded plugin ddr (category:tool,tabindex:6)
2024-06-20 22:39:55,959 [INFO] PluginManage:310 - Check plugin filemanager
2024-06-20 22:39:56,094 [INFO] PluginManage:359 - Loaded plugin filemanager (category:base,tabindex:10)
2024-06-20 22:39:56,095 [INFO] PluginManage:310 - Check plugin ipmanager
2024-06-20 22:39:56,103 [INFO] PluginManage:359 - Loaded plugin ipmanager (category:base,tabindex:5)
2024-06-20 22:39:56,103 [INFO] PluginManage:310 - Check plugin lpbam
2024-06-20 22:39:56,114 [INFO] PluginManage:359 - Loaded plugin lpbam (category:base,tabindex:0)
2024-06-20 22:39:56,114 [INFO] PluginManage:310 - Check plugin memorymap
2024-06-20 22:39:56,134 [INFO] PluginManage:359 - Loaded plugin memorymap (category:base,tabindex:4)
2024-06-20 22:39:56,134 [INFO] PluginManage:310 - Check plugin pinoutandconfiguration
2024-06-20 22:39:56,142 [INFO] PluginManage:359 - Loaded plugin pinoutandconfiguration (category:base,tabindex:1)
2024-06-20 22:39:56,142 [INFO] PluginManage:310 - Check plugin pinoutconfig
2024-06-20 22:39:56,221 [WARN] SupportedApi:132 - Cannot load RTOS API schema: s4s-elt-must-match.1: The content of 'definitions' must match (annotation?, (simpleType | complexType)?, (unique | key | keyref)*)). A problem was found starting at: attribute.
2024-06-20 22:39:56,341 [INFO] PluginManage:359 - Loaded plugin pinoutconfig (category:base,tabindex:0)
2024-06-20 22:39:56,341 [INFO] PluginManage:310 - Check plugin power
2024-06-20 22:39:56,351 [INFO] PluginManage:359 - Loaded plugin power (category:power,tabindex:4)
2024-06-20 22:39:56,351 [INFO] PluginManage:310 - Check plugin projectmanager
2024-06-20 22:39:56,368 [INFO] PluginManage:359 - Loaded plugin projectmanager (category:projectmanager,tabindex:3)
2024-06-20 22:39:56,368 [INFO] PluginManage:310 - Check plugin thirdparty
2024-06-20 22:39:56,463 [INFO] PluginManage:359 - Loaded plugin thirdparty (category:base,tabindex:-1)
2024-06-20 22:39:56,463 [INFO] PluginManage:310 - Check plugin tools
2024-06-20 22:39:56,463 [WARN] IntegrityCheckThread:84 - waiting for thirdparty lock release [integrity check]
2024-06-20 22:39:56,463 [INFO] IntegrityCheckThread:86 - entering critical section [integrity check]
2024-06-20 22:39:56,463 [INFO] ThirdPartyUpdaterWithRetryManager:70 - Updater plugin not ready yet. [1/15]
2024-06-20 22:39:56,465 [INFO] PluginManage:359 - Loaded plugin tools (category:base,tabindex:7)
2024-06-20 22:39:56,465 [INFO] PluginManage:310 - Check plugin tutovideos
2024-06-20 22:39:56,607 [INFO] PluginManage:359 - Loaded plugin tutovideos (category:base,tabindex:-1)
2024-06-20 22:39:56,607 [INFO] PluginManage:310 - Check plugin updater
2024-06-20 22:39:56,615 [INFO] PluginManage:359 - Loaded plugin updater (category:base,tabindex:12)
2024-06-20 22:39:56,615 [INFO] PluginManage:310 - Check plugin userauth
2024-06-20 22:39:56,621 [INFO] UserAuth:114 - Init User Auth plugin
2024-06-20 22:39:56,621 [INFO] PluginManage:359 - Loaded plugin userauth (category:base,tabindex:14)
2024-06-20 22:39:56,622 [INFO] PluginManage:283 - PluginManage : Loaded plugins [17]
2024-06-20 22:39:56,798 [INFO] PinOutPanel:1561 - setPackage(No Configuration,No Configuration)
2024-06-20 22:39:56,861 [INFO] CADModel:165 - CPN selected for project level
2024-06-20 22:39:56,861 [INFO] CADModel:114 - Register for checkConnection events
2024-06-20 22:39:56,874 [INFO] IPUIPlugin:80 - create IPUIPlugin
2024-06-20 22:39:56,874 [INFO] PluginManager:220 - loadIPPluginJar : add adc
2024-06-20 22:39:56,876 [INFO] IPUIPlugin:80 - create IPUIPlugin
2024-06-20 22:39:56,876 [INFO] PluginManager:220 - loadIPPluginJar : add aes
2024-06-20 22:39:56,877 [INFO] IPUIPlugin:80 - create IPUIPlugin
2024-06-20 22:39:56,877 [INFO] PluginManager:220 - loadIPPluginJar : add can
2024-06-20 22:39:56,878 [INFO] IPUIPlugin:80 - create IPUIPlugin
2024-06-20 22:39:56,878 [INFO] PluginManager:220 - loadIPPluginJar : add comp
2024-06-20 22:39:56,880 [INFO] IPUIPlugin:80 - create IPUIPlugin
2024-06-20 22:39:56,880 [INFO] PluginManager:220 - loadIPPluginJar : add cryp
2024-06-20 22:39:56,882 [INFO] IPUIPlugin:80 - create IPUIPlugin
2024-06-20 22:39:56,882 [INFO] PluginManager:220 - loadIPPluginJar : add dfsdm
2024-06-20 22:39:56,886 [INFO] IPUIPlugin:80 - create IPUIPlugin
2024-06-20 22:39:56,886 [INFO] PluginManager:220 - loadIPPluginJar : add dma
2024-06-20 22:39:56,889 [INFO] IPUIPlugin:80 - create IPUIPlugin
2024-06-20 22:39:56,889 [INFO] PluginManager:220 - loadIPPluginJar : add dma3
2024-06-20 22:39:56,891 [INFO] IPUIPlugin:80 - create IPUIPlugin
2024-06-20 22:39:56,891 [INFO] PluginManager:220 - loadIPPluginJar : add extmemmanager
2024-06-20 22:39:56,892 [INFO] IPUIPlugin:80 - create IPUIPlugin
2024-06-20 22:39:56,892 [INFO] PluginManager:220 - loadIPPluginJar : add fatfs
2024-06-20 22:39:56,895 [INFO] IPUIPlugin:80 - create IPUIPlugin
2024-06-20 22:39:56,895 [INFO] PluginManager:220 - loadIPPluginJar : add fmc
2024-06-20 22:39:56,898 [INFO] IPUIPlugin:80 - create IPUIPlugin
2024-06-20 22:39:56,899 [INFO] PluginManager:220 - loadIPPluginJar : add freertos
2024-06-20 22:39:56,900 [INFO] IPUIPlugin:80 - create IPUIPlugin
2024-06-20 22:39:56,900 [INFO] PluginManager:220 - loadIPPluginJar : add genericplugin
2024-06-20 22:39:56,902 [INFO] IPUIPlugin:80 - create IPUIPlugin
2024-06-20 22:39:56,902 [INFO] PluginManager:220 - loadIPPluginJar : add gfxmmu
2024-06-20 22:39:56,906 [INFO] IPUIPlugin:80 - create IPUIPlugin
2024-06-20 22:39:56,906 [INFO] PluginManager:220 - loadIPPluginJar : add gic
2024-06-20 22:39:56,911 [INFO] IPUIPlugin:80 - create IPUIPlugin
2024-06-20 22:39:56,911 [INFO] PluginManager:220 - loadIPPluginJar : add gpio
2024-06-20 22:39:56,914 [INFO] IPUIPlugin:80 - create IPUIPlugin
2024-06-20 22:39:56,914 [INFO] PluginManager:220 - loadIPPluginJar : add gtzc
2024-06-20 22:39:56,916 [INFO] IPUIPlugin:80 - create IPUIPlugin
2024-06-20 22:39:56,916 [INFO] PluginManager:220 - loadIPPluginJar : add hash
2024-06-20 22:39:56,918 [INFO] IPUIPlugin:80 - create IPUIPlugin
2024-06-20 22:39:56,954 [INFO] PluginManager:220 - loadIPPluginJar : add i2c
2024-06-20 22:39:56,956 [INFO] IPUIPlugin:80 - create IPUIPlugin
2024-06-20 22:39:56,956 [INFO] PluginManager:220 - loadIPPluginJar : add i2s
2024-06-20 22:39:56,958 [INFO] IPUIPlugin:80 - create IPUIPlugin
2024-06-20 22:39:56,958 [INFO] PluginManager:220 - loadIPPluginJar : add i3c
2024-06-20 22:39:56,962 [INFO] IPUIPlugin:80 - create IPUIPlugin
2024-06-20 22:39:56,962 [INFO] PluginManager:220 - loadIPPluginJar : add ipddr
2024-06-20 22:39:56,968 [INFO] IPUIPlugin:80 - create IPUIPlugin
2024-06-20 22:39:56,968 [INFO] PluginManager:220 - loadIPPluginJar : add linkedlist
2024-06-20 22:39:56,971 [INFO] IPUIPlugin:80 - create IPUIPlugin
2024-06-20 22:39:56,971 [INFO] PluginManager:220 - loadIPPluginJar : add lorawan
2024-06-20 22:39:56,972 [INFO] IPUIPlugin:80 - create IPUIPlugin
2024-06-20 22:39:56,972 [INFO] PluginManager:220 - loadIPPluginJar : add ltdc
2024-06-20 22:39:56,977 [INFO] IPUIPlugin:80 - create IPUIPlugin
2024-06-20 22:39:56,978 [INFO] PluginManager:220 - loadIPPluginJar : add mdma
2024-06-20 22:39:56,980 [INFO] IPUIPlugin:80 - create IPUIPlugin
2024-06-20 22:39:56,980 [INFO] PluginManager:220 - loadIPPluginJar : add nvic
2024-06-20 22:39:56,983 [INFO] IPUIPlugin:80 - create IPUIPlugin
2024-06-20 22:39:56,983 [INFO] PluginManager:220 - loadIPPluginJar : add opamp
2024-06-20 22:39:56,985 [INFO] IPUIPlugin:80 - create IPUIPlugin
2024-06-20 22:39:56,985 [INFO] PluginManager:220 - loadIPPluginJar : add openamp
2024-06-20 22:39:56,988 [INFO] IPUIPlugin:80 - create IPUIPlugin
2024-06-20 22:39:56,988 [INFO] PluginManager:220 - loadIPPluginJar : add pdm2pcm
2024-06-20 22:39:56,994 [INFO] IPUIPlugin:80 - create IPUIPlugin
2024-06-20 22:39:56,996 [INFO] PluginManager:220 - loadIPPluginJar : add plateformsettings
2024-06-20 22:39:56,997 [INFO] IPUIPlugin:80 - create IPUIPlugin
2024-06-20 22:39:56,997 [INFO] PluginManager:220 - loadIPPluginJar : add quadspi
2024-06-20 22:39:57,001 [INFO] IPUIPlugin:80 - create IPUIPlugin
2024-06-20 22:39:57,001 [INFO] PluginManager:220 - loadIPPluginJar : add resmgrutility
2024-06-20 22:39:57,004 [INFO] IPUIPlugin:80 - create IPUIPlugin
2024-06-20 22:39:57,004 [INFO] PluginManager:220 - loadIPPluginJar : add sai
2024-06-20 22:39:57,006 [INFO] IPUIPlugin:80 - create IPUIPlugin
2024-06-20 22:39:57,006 [INFO] PluginManager:220 - loadIPPluginJar : add spi
2024-06-20 22:39:57,011 [INFO] IPUIPlugin:80 - create IPUIPlugin
2024-06-20 22:39:57,012 [INFO] PluginManager:220 - loadIPPluginJar : add stm32_wpan
2024-06-20 22:39:57,013 [INFO] IPUIPlugin:80 - create IPUIPlugin
2024-06-20 22:39:57,013 [INFO] PluginManager:220 - loadIPPluginJar : add tim
2024-06-20 22:39:57,016 [INFO] IPUIPlugin:80 - create IPUIPlugin
2024-06-20 22:39:57,016 [INFO] PluginManager:220 - loadIPPluginJar : add touchsensing
2024-06-20 22:39:57,018 [INFO] IPUIPlugin:80 - create IPUIPlugin
2024-06-20 22:39:57,018 [INFO] PluginManager:220 - loadIPPluginJar : add tracer_emb
2024-06-20 22:39:57,019 [INFO] IPUIPlugin:80 - create IPUIPlugin
2024-06-20 22:39:57,019 [INFO] PluginManager:220 - loadIPPluginJar : add ts
2024-06-20 22:39:57,020 [INFO] IPUIPlugin:80 - create IPUIPlugin
2024-06-20 22:39:57,020 [INFO] PluginManager:220 - loadIPPluginJar : add tsc
2024-06-20 22:39:57,022 [INFO] IPUIPlugin:80 - create IPUIPlugin
2024-06-20 22:39:57,022 [INFO] PluginManager:220 - loadIPPluginJar : add ucpd
2024-06-20 22:39:57,025 [INFO] IPUIPlugin:80 - create IPUIPlugin
2024-06-20 22:39:57,025 [INFO] PluginManager:220 - loadIPPluginJar : add usart
2024-06-20 22:39:57,029 [INFO] IPUIPlugin:80 - create IPUIPlugin
2024-06-20 22:39:57,029 [INFO] PluginManager:220 - loadIPPluginJar : add usbx
2024-06-20 22:39:57,155 [INFO] CADModel:165 - CPN selected for project level
2024-06-20 22:39:57,156 [INFO] CADModel:114 - Register for checkConnection events
2024-06-20 22:39:57,156 [FATAL] Updater:308 - Updater called before beeing initialized
2024-06-20 22:39:57,156 [ERROR] CADModel:125 - Updater not yet initialized, retry later 
2024-06-20 22:39:57,260 [INFO] CADModel:165 - CPN selected for project level
2024-06-20 22:39:57,260 [INFO] CADModel:114 - Register for checkConnection events
2024-06-20 22:39:57,260 [FATAL] Updater:308 - Updater called before beeing initialized
2024-06-20 22:39:57,260 [ERROR] CADModel:125 - Updater not yet initialized, retry later 
2024-06-20 22:39:57,263 [FATAL] Updater:308 - Updater called before beeing initialized
2024-06-20 22:39:57,355 [FATAL] Updater:308 - Updater called before beeing initialized
2024-06-20 22:39:57,358 [INFO] DbMcusAds:53 - JSON generation date=Thu Sep 30 15:55:09 KST 2021 (1632984909247)
2024-06-20 22:39:57,358 [FATAL] Updater:308 - Updater called before beeing initialized
2024-06-20 22:39:57,390 [WARN] DetailPanel:346 - Failed to get advertising image, set to default
2024-06-20 22:39:57,482 [FATAL] Updater:308 - Updater called before beeing initialized
2024-06-20 22:39:57,483 [FATAL] Updater:308 - Updater called before beeing initialized
2024-06-20 22:39:57,483 [FATAL] Updater:308 - Updater called before beeing initialized
2024-06-20 22:39:57,483 [WARN] DetailPanel:346 - Failed to get advertising image, set to default
2024-06-20 22:39:57,484 [FATAL] Updater:308 - Updater called before beeing initialized
2024-06-20 22:39:57,523 [ERROR] Updater:1120 - MainUpdater not yet initialized. External WinMGr cannot be set.
2024-06-20 22:39:57,525 [INFO] Updater:1056 - Updater Version found : 6.11.1
2024-06-20 22:39:57,542 [INFO] ApplicationProperties:184 - Using Application install path: C:\STM32CubeIDE_1.15.1\STM32CubeIDE\plugins\com.st.stm32cube.common.mx_6.11.1.202404110753
2024-06-20 22:39:59,113 [ERROR] LogOutputStream:75 - [STDERR_REDIRECT] Jun 20, 2024 10:39:59 PM java.util.prefs.WindowsPreferences <init>
2024-06-20 22:39:59,115 [ERROR] LogOutputStream:75 - [STDERR_REDIRECT] WARNING: Could not open/create prefs root node Software\JavaSoft\Prefs at root 0xffffffff80000002. Windows RegCreateKeyEx(...) returned error code 5.
2024-06-20 22:39:59,115 [ERROR] LogOutputStream:75 - [STDERR_REDIRECT] 
2024-06-20 22:39:59,130 [INFO] MainUpdater:526 - Copy updater definitions from MX database
2024-06-20 22:39:59,165 [INFO] MainUpdater:559 - Copy flag file definitions from MX database
2024-06-20 22:39:59,167 [INFO] MainUpdater:575 - Copy thirdparty index definitions from MX database
2024-06-20 22:39:59,168 [INFO] MainUpdater:594 - Copy default thirdparty db definitions from MX database
2024-06-20 22:39:59,466 [INFO] ThirdPartyUpdaterWithRetryManager:70 - Updater plugin not ready yet. [2/15]
2024-06-20 22:39:59,585 [INFO] MainUpdater:2873 - connection check result : 10
2024-06-20 22:39:59,585 [INFO] MainUpdater:3567 - Updater definition file requires update
2024-06-20 22:39:59,586 [INFO] MainUpdater:290 - Updater Check For Update Now.
2024-06-20 22:39:59,586 [INFO] MicroXplorer:498 - Change Database Version : DB.6.0.111
2024-06-20 22:39:59,594 [INFO] McuFinderGlobals:63 - Set McuFinder mode to 2 (CubeIDE integrated)
2024-06-20 22:39:59,594 [INFO] UserAuth:179 - activating auth plugin
2024-06-20 22:39:59,596 [INFO] UserAuth:415 - Internet connection configuration mode: 1
2024-06-20 22:39:59,604 [INFO] JxBrowserEngine:152 - Initiate JxBrowser Engine with user profile folder
2024-06-20 22:40:00,031 [INFO] ServerAccessManage:473 - Download File updaters.zip
2024-06-20 22:40:00,341 [INFO] FileExtend:240 - Unzip File : updaters.zip
2024-06-20 22:40:00,341 [INFO] FileExtend:255 - Standard Zip Deflate
2024-06-20 22:40:01,028 [INFO] ServerAccessManage:473 - Download File PacksControlFlags.xml
2024-06-20 22:40:02,467 [WARN] MainUpdater:1194 - Updater busy. Cannot search thirdparties
2024-06-20 22:40:02,467 [INFO] ThirdPartyUpdaterWithRetryManager:96 - Updater plugin is busy. [1/15]
2024-06-20 22:40:02,720 [INFO] ServerAccessManage:473 - Download File cubemx.pidx
2024-06-20 22:40:03,064 [INFO] ServerAccessManage:473 - Download File STMicroelectronics.FP-ATR-ASTRA1.pdsc
2024-06-20 22:40:05,065 [INFO] WebApp:161 - Instantiating new browser for Auth
2024-06-20 22:40:05,220 [INFO] ServerAccessManage:473 - Download File STMicroelectronics.FP-ATR-SIGFOX1.pdsc
2024-06-20 22:40:05,467 [WARN] MainUpdater:1194 - Updater busy. Cannot search thirdparties
2024-06-20 22:40:05,467 [INFO] ThirdPartyUpdaterWithRetryManager:96 - Updater plugin is busy. [2/15]
2024-06-20 22:40:05,632 [INFO] ServerAccessManage:473 - Download File STMicroelectronics.FP-SNS-FLIGHT1.pdsc
2024-06-20 22:40:05,785 [INFO] WebApp:779 - Register for checkConnection events
2024-06-20 22:40:05,785 [INFO] WebApp:414 - Apply proxy settings
2024-06-20 22:40:05,785 [INFO] WebApp:499 - Chromium requires no authentication
2024-06-20 22:40:05,797 [INFO] WebApp:442 - Direct internet connection detected
2024-06-20 22:40:06,024 [INFO] WebApp:192 - Starting web application
2024-06-20 22:40:06,024 [INFO] WebApp:544 - Web application path used C:\STM32CubeIDE_1.15.1\STM32CubeIDE\plugins\com.st.stm32cube.common.mx_6.11.1.202404110753\db\plugins\mcufinder\reactClient1\index.html
2024-06-20 22:40:06,747 [INFO] ServerAccessManage:473 - Download File STMicroelectronics.FP-SNS-MOTENV1.pdsc
2024-06-20 22:40:08,469 [WARN] MainUpdater:1194 - Updater busy. Cannot search thirdparties
2024-06-20 22:40:08,469 [INFO] ThirdPartyUpdaterWithRetryManager:96 - Updater plugin is busy. [3/15]
2024-06-20 22:40:09,122 [INFO] ServerAccessManage:473 - Download File STMicroelectronics.FP-SNS-MOTENVWB1.pdsc
2024-06-20 22:40:10,217 [INFO] ServerAccessManage:473 - Download File STMicroelectronics.FP-SNS-SMARTAG2.pdsc
2024-06-20 22:40:11,096 [INFO] ServerAccessManage:473 - Download File STMicroelectronics.X-CUBE-AI.pdsc
2024-06-20 22:40:11,472 [WARN] MainUpdater:1194 - Updater busy. Cannot search thirdparties
2024-06-20 22:40:11,472 [INFO] ThirdPartyUpdaterWithRetryManager:96 - Updater plugin is busy. [4/15]
2024-06-20 22:40:14,472 [WARN] MainUpdater:1194 - Updater busy. Cannot search thirdparties
2024-06-20 22:40:14,472 [INFO] ThirdPartyUpdaterWithRetryManager:96 - Updater plugin is busy. [5/15]
2024-06-20 22:40:17,473 [WARN] MainUpdater:1194 - Updater busy. Cannot search thirdparties
2024-06-20 22:40:17,473 [INFO] ThirdPartyUpdaterWithRetryManager:96 - Updater plugin is busy. [6/15]
2024-06-20 22:40:19,169 [INFO] ServerAccessManage:473 - Download File STMicroelectronics.X-CUBE-ALS.pdsc
2024-06-20 22:40:19,870 [INFO] ServerAccessManage:473 - Download File STMicroelectronics.X-CUBE-BLE1.pdsc
2024-06-20 22:40:20,475 [WARN] MainUpdater:1194 - Updater busy. Cannot search thirdparties
2024-06-20 22:40:20,475 [INFO] ThirdPartyUpdaterWithRetryManager:96 - Updater plugin is busy. [7/15]
2024-06-20 22:40:23,253 [ERROR] ServerAccessManage:1089 - Problem, file not found on Server
2024-06-20 22:40:23,477 [WARN] MainUpdater:1194 - Updater busy. Cannot search thirdparties
2024-06-20 22:40:23,477 [INFO] ThirdPartyUpdaterWithRetryManager:96 - Updater plugin is busy. [8/15]
2024-06-20 22:40:23,503 [INFO] ServerAccessManage:473 - Download File STMicroelectronics.X-CUBE-BLE2.pdsc
2024-06-20 22:40:26,478 [WARN] MainUpdater:1194 - Updater busy. Cannot search thirdparties
2024-06-20 22:40:26,478 [INFO] ThirdPartyUpdaterWithRetryManager:96 - Updater plugin is busy. [9/15]
2024-06-20 22:40:26,509 [INFO] ServerAccessManage:473 - Download File STMicroelectronics.X-CUBE-BLEMGR.pdsc
2024-06-20 22:40:28,638 [INFO] ServerAccessManage:473 - Download File STMicroelectronics.X-CUBE-DISPLAY.pdsc
2024-06-20 22:40:29,479 [WARN] MainUpdater:1194 - Updater busy. Cannot search thirdparties
2024-06-20 22:40:29,479 [INFO] ThirdPartyUpdaterWithRetryManager:96 - Updater plugin is busy. [10/15]
2024-06-20 22:40:30,763 [INFO] ServerAccessManage:473 - Download File STMicroelectronics.X-CUBE-EEPRMA1.pdsc
2024-06-20 22:40:32,152 [ERROR] ServerAccessManage:1089 - Problem, file not found on Server
2024-06-20 22:40:32,480 [WARN] MainUpdater:1194 - Updater busy. Cannot search thirdparties
2024-06-20 22:40:32,480 [INFO] ThirdPartyUpdaterWithRetryManager:96 - Updater plugin is busy. [11/15]
2024-06-20 22:40:34,402 [ERROR] ServerAccessManage:1089 - Problem, file not found on Server
2024-06-20 22:40:35,401 [INFO] ServerAccessManage:473 - Download File STMicroelectronics.X-CUBE-FREERTOS.pdsc
2024-06-20 22:40:35,482 [WARN] MainUpdater:1194 - Updater busy. Cannot search thirdparties
2024-06-20 22:40:35,482 [INFO] ThirdPartyUpdaterWithRetryManager:96 - Updater plugin is busy. [12/15]
2024-06-20 22:40:37,110 [INFO] ServerAccessManage:473 - Download File STMicroelectronics.X-CUBE-GNSS1.pdsc
2024-06-20 22:40:38,483 [WARN] MainUpdater:1194 - Updater busy. Cannot search thirdparties
2024-06-20 22:40:38,483 [INFO] ThirdPartyUpdaterWithRetryManager:96 - Updater plugin is busy. [13/15]
2024-06-20 22:40:41,483 [WARN] MainUpdater:1194 - Updater busy. Cannot search thirdparties
2024-06-20 22:40:41,483 [INFO] ThirdPartyUpdaterWithRetryManager:96 - Updater plugin is busy. [14/15]
2024-06-20 22:40:41,962 [ERROR] ServerAccessManage:1089 - Problem, file not found on Server
2024-06-20 22:40:43,120 [ERROR] ServerAccessManage:1089 - Problem, file not found on Server
2024-06-20 22:40:44,357 [ERROR] ServerAccessManage:1089 - Problem, file not found on Server
2024-06-20 22:40:44,486 [WARN] MainUpdater:1194 - Updater busy. Cannot search thirdparties
2024-06-20 22:40:44,486 [INFO] ThirdPartyUpdaterWithRetryManager:96 - Updater plugin is busy. [15/15]
2024-06-20 22:40:44,486 [ERROR] IntegrityCheckThread:130 - Cannot retrieve database content from updater: error -1
2024-06-20 22:40:44,486 [INFO] ThirdParty:978 - Integrity check success = false
2024-06-20 22:40:44,486 [INFO] IntegrityCheckThread:100 - exiting critical section [integrity check]
2024-06-20 22:40:44,486 [INFO] IntegrityCheckThread:103 - End integrity checks thread
2024-06-20 22:40:45,916 [ERROR] ServerAccessManage:1089 - Problem, file not found on Server
2024-06-20 22:40:48,418 [ERROR] ServerAccessManage:1089 - Problem, file not found on Server
2024-06-20 22:40:49,596 [ERROR] ServerAccessManage:1089 - Problem, file not found on Server
2024-06-20 22:40:49,768 [INFO] ServerAccessManage:473 - Download File STMicroelectronics.X-CUBE-ISPU.pdsc
2024-06-20 22:40:50,810 [INFO] ServerAccessManage:473 - Download File STMicroelectronics.X-CUBE-MEMS1.pdsc
2024-06-20 22:40:57,924 [INFO] ServerAccessManage:473 - Download File STMicroelectronics.X-CUBE-NFC4.pdsc
2024-06-20 22:41:01,538 [INFO] ServerAccessManage:473 - Download File STMicroelectronics.X-CUBE-NFC6.pdsc
2024-06-20 22:41:03,121 [INFO] ServerAccessManage:473 - Download File STMicroelectronics.X-CUBE-NFC7.pdsc
2024-06-20 22:41:04,488 [INFO] ServerAccessManage:473 - Download File STMicroelectronics.X-CUBE-SFXS2LP1.pdsc
2024-06-20 22:41:06,481 [INFO] ServerAccessManage:473 - Download File STMicroelectronics.X-CUBE-SAFEA1.pdsc
2024-06-20 22:41:07,105 [INFO] ServerAccessManage:473 - Download File STMicroelectronics.X-CUBE-SUBG2.pdsc
2024-06-20 22:41:09,437 [INFO] ServerAccessManage:473 - Download File STMicroelectronics.X-CUBE-SMBUS.pdsc
2024-06-20 22:41:12,169 [ERROR] ServerAccessManage:1089 - Problem, file not found on Server
2024-06-20 22:41:12,352 [INFO] ServerAccessManage:473 - Download File STMicroelectronics.X-CUBE-TCPP.pdsc
2024-06-20 22:41:12,811 [INFO] ServerAccessManage:473 - Download File STMicroelectronics.X-CUBE-TOF1.pdsc
2024-06-20 22:41:16,541 [ERROR] ServerAccessManage:1089 - Problem, file not found on Server
2024-06-20 22:41:17,289 [INFO] ServerAccessManage:473 - Download File STMicroelectronics.X-CUBE-TOUCHGFX.pdsc
2024-06-20 22:41:24,434 [INFO] ServerAccessManage:473 - Download File STMicroelectronics.X-CUBE-ALGOBUILD.pdsc
2024-06-20 22:41:27,495 [INFO] ServerAccessManage:473 - Download File STMicroelectronics.X-CUBE-AZRTOS-H7.pdsc
2024-06-20 22:41:32,614 [INFO] ServerAccessManage:473 - Download File STMicroelectronics.X-CUBE-AZRTOS-H7RS.pdsc
2024-06-20 22:41:33,413 [INFO] ServerAccessManage:473 - Download File STMicroelectronics.X-CUBE-AZRTOS-F4.pdsc
2024-06-20 22:41:34,316 [INFO] ServerAccessManage:473 - Download File STMicroelectronics.X-CUBE-AZRTOS-F7.pdsc
2024-06-20 22:41:36,228 [INFO] ServerAccessManage:473 - Download File STMicroelectronics.X-CUBE-AZRTOS-L4.pdsc
2024-06-20 22:41:37,150 [INFO] ServerAccessManage:473 - Download File STMicroelectronics.X-CUBE-AZRTOS-L5.pdsc
2024-06-20 22:41:39,179 [INFO] ServerAccessManage:473 - Download File STMicroelectronics.X-CUBE-AZRTOS-G0.pdsc
2024-06-20 22:41:40,917 [INFO] ServerAccessManage:473 - Download File STMicroelectronics.X-CUBE-AZRTOS-G4.pdsc
2024-06-20 22:41:41,977 [INFO] ServerAccessManage:473 - Download File STMicroelectronics.X-CUBE-AZRTOS-WB.pdsc
2024-06-20 22:41:43,271 [INFO] ServerAccessManage:473 - Download File STMicroelectronics.X-CUBE-AZRTOS-WL.pdsc
2024-06-20 22:41:44,762 [INFO] ServerAccessManage:473 - Download File wolfSSL.I-CUBE-wolfSSL.pdsc
2024-06-20 22:41:49,224 [ERROR] ServerAccessManage:1089 - Problem, file not found on Server
2024-06-20 22:41:49,627 [ERROR] ServerAccessManage:1089 - Problem, file not found on Server
2024-06-20 22:41:50,040 [ERROR] ServerAccessManage:1089 - Problem, file not found on Server
2024-06-20 22:41:50,257 [INFO] ServerAccessManage:473 - Download File wolfSSL.I-CUBE-wolfMQTT.pdsc
2024-06-20 22:41:51,351 [ERROR] ServerAccessManage:1089 - Problem, file not found on Server
2024-06-20 22:41:53,225 [INFO] ServerAccessManage:473 - Download File SEGGER.I-CUBE-embOS.pdsc
2024-06-20 22:42:09,188 [INFO] ServerAccessManage:473 - Download File portGmbH.I-Cube-SoM-uGOAL.pdsc
2024-06-20 22:42:21,303 [ERROR] ServerAccessManage:1089 - Problem, file not found on Server
2024-06-20 22:42:22,360 [ERROR] ServerAccessManage:1089 - Problem, file not found on Server
2024-06-20 22:42:22,712 [ERROR] ServerAccessManage:1089 - Problem, file not found on Server
2024-06-20 22:42:25,962 [INFO] ServerAccessManage:473 - Download File emotas.I-CUBE-CANOPEN.pdsc
2024-06-20 22:42:31,315 [INFO] ServerAccessManage:473 - Download File WES.I-CUBE-Cesium.pdsc
2024-06-20 22:42:33,297 [ERROR] ServerAccessManage:1089 - Problem, file not found on Server
2024-06-20 22:42:33,683 [ERROR] ServerAccessManage:1089 - Problem, file not found on Server
2024-06-20 22:42:34,441 [INFO] ServerAccessManage:473 - Download File ITTIA_DB.I-CUBE-ITTIADB.pdsc
2024-06-20 22:42:42,115 [INFO] ServerAccessManage:473 - Download File Infineon.AIROC-Wi-Fi-Bluetooth-STM32.pdsc
2024-06-20 22:42:47,075 [INFO] ServerAccessManage:473 - Download File Cesanta.I-CUBE-Mongoose.pdsc
2024-06-20 22:42:51,140 [WARN] CheckServerUpdateThread:151 - Open CheckUpdateFile Fail
2024-06-20 22:42:51,142 [WARN] PackLoader:240 - Cannot read IP mode file for STMicroelectronics.FP-ATR-ASTRA1.2.0.0
2024-06-20 22:42:51,150 [WARN] PackLoader:240 - Cannot read IP mode file for STMicroelectronics.FP-ATR-SIGFOX1.3.2.0
2024-06-20 22:42:51,156 [WARN] PackLoader:240 - Cannot read IP mode file for STMicroelectronics.FP-SNS-FLIGHT1.5.0.2
2024-06-20 22:42:51,162 [WARN] PackLoader:240 - Cannot read IP mode file for STMicroelectronics.FP-SNS-MOTENV1.5.0.0
2024-06-20 22:42:51,170 [WARN] PackLoader:240 - Cannot read IP mode file for STMicroelectronics.FP-SNS-MOTENVWB1.1.4.0
2024-06-20 22:42:51,176 [WARN] PackLoader:240 - Cannot read IP mode file for STMicroelectronics.FP-SNS-SMARTAG2.1.2.0
2024-06-20 22:42:51,181 [WARN] PackLoader:240 - Cannot read IP mode file for STMicroelectronics.X-CUBE-AI.9.0.0
2024-06-20 22:42:51,188 [WARN] PackLoader:240 - Cannot read IP mode file for STMicroelectronics.X-CUBE-ALS.1.0.2
2024-06-20 22:42:51,195 [WARN] PackLoader:240 - Cannot read IP mode file for STMicroelectronics.X-CUBE-BLE1.7.0.0
2024-06-20 22:42:51,201 [WARN] PackLoader:240 - Cannot read IP mode file for STMicroelectronics.X-CUBE-BLE2.3.3.0
2024-06-20 22:42:51,212 [WARN] PackLoader:240 - Cannot read IP mode file for STMicroelectronics.X-CUBE-BLEMGR.3.1.0
2024-06-20 22:42:51,225 [WARN] PackLoader:240 - Cannot read IP mode file for STMicroelectronics.X-CUBE-DISPLAY.3.0.0
2024-06-20 22:42:51,235 [WARN] PackLoader:240 - Cannot read IP mode file for STMicroelectronics.X-CUBE-EEPRMA1.5.1.0
2024-06-20 22:42:51,242 [WARN] PackLoader:240 - Cannot read IP mode file for STMicroelectronics.X-CUBE-FREERTOS.1.2.0
2024-06-20 22:42:51,249 [WARN] PackLoader:240 - Cannot read IP mode file for STMicroelectronics.X-CUBE-GNSS1.6.0.0
2024-06-20 22:42:51,254 [WARN] PackLoader:240 - Cannot read IP mode file for STMicroelectronics.X-CUBE-ISPU.2.0.0
2024-06-20 22:42:51,265 [INFO] CheckServerUpdateThread:120 - End of CheckServer Thread
2024-06-20 22:42:51,303 [WARN] PackLoader:240 - Cannot read IP mode file for STMicroelectronics.X-CUBE-MEMS1.10.0.0
2024-06-20 22:42:51,428 [WARN] PackLoader:240 - Cannot read IP mode file for STMicroelectronics.X-CUBE-NFC4.3.0.0
2024-06-20 22:42:51,437 [WARN] PackLoader:240 - Cannot read IP mode file for STMicroelectronics.X-CUBE-NFC6.3.1.0
2024-06-20 22:42:51,444 [WARN] PackLoader:240 - Cannot read IP mode file for STMicroelectronics.X-CUBE-NFC7.1.0.1
2024-06-20 22:42:51,450 [WARN] PackLoader:240 - Cannot read IP mode file for STMicroelectronics.X-CUBE-SFXS2LP1.4.0.0
2024-06-20 22:42:51,455 [WARN] PackLoader:240 - Cannot read IP mode file for STMicroelectronics.X-CUBE-SAFEA1.1.2.2
2024-06-20 22:42:51,467 [WARN] PackLoader:240 - Cannot read IP mode file for STMicroelectronics.X-CUBE-SUBG2.5.0.0
2024-06-20 22:42:51,477 [WARN] PackLoader:240 - Cannot read IP mode file for STMicroelectronics.X-CUBE-SMBUS.2.1.0
2024-06-20 22:42:51,482 [WARN] PackLoader:240 - Cannot read IP mode file for STMicroelectronics.X-CUBE-TCPP.4.1.0
2024-06-20 22:42:51,492 [WARN] PackLoader:240 - Cannot read IP mode file for STMicroelectronics.X-CUBE-TOF1.3.4.1
2024-06-20 22:42:51,505 [WARN] PackLoader:240 - Cannot read IP mode file for STMicroelectronics.X-CUBE-TOUCHGFX.4.23.2
2024-06-20 22:42:51,511 [WARN] PackLoader:240 - Cannot read IP mode file for STMicroelectronics.X-CUBE-ALGOBUILD.1.4.0
2024-06-20 22:42:51,527 [WARN] PackLoader:240 - Cannot read IP mode file for STMicroelectronics.X-CUBE-AZRTOS-H7.3.2.0
2024-06-20 22:42:51,547 [WARN] PackLoader:240 - Cannot read IP mode file for STMicroelectronics.X-CUBE-AZRTOS-H7RS.1.0.0
2024-06-20 22:42:51,563 [WARN] PackLoader:240 - Cannot read IP mode file for STMicroelectronics.X-CUBE-AZRTOS-F4.1.1.0
2024-06-20 22:42:51,582 [WARN] PackLoader:240 - Cannot read IP mode file for STMicroelectronics.X-CUBE-AZRTOS-F7.1.1.0
2024-06-20 22:42:51,601 [WARN] ConditionMgr:438 - getConditionDescription Invalid condition id : LAN8742 Phy interface Condition cause : null
2024-06-20 22:42:51,602 [WARN] PackLoader:240 - Cannot read IP mode file for STMicroelectronics.X-CUBE-AZRTOS-L4.2.0.0
2024-06-20 22:42:51,603 [WARN] ConditionMgr:1039 - genDependencies : Invalid condition id : LAN8742 Phy interface Condition cause : null
2024-06-20 22:42:51,604 [WARN] ConditionMgr:1039 - genDependencies : Invalid condition id : LAN8742 Phy interface Condition cause : null
2024-06-20 22:42:51,604 [WARN] ConditionMgr:1039 - genDependencies : Invalid condition id : LAN8742 Phy interface Condition cause : null
2024-06-20 22:42:51,628 [WARN] PackLoader:240 - Cannot read IP mode file for STMicroelectronics.X-CUBE-AZRTOS-L5.2.0.0
2024-06-20 22:42:51,648 [WARN] PackLoader:240 - Cannot read IP mode file for STMicroelectronics.X-CUBE-AZRTOS-G0.1.1.0
2024-06-20 22:42:51,662 [WARN] PackLoader:240 - Cannot read IP mode file for STMicroelectronics.X-CUBE-AZRTOS-G4.2.0.0
2024-06-20 22:42:51,684 [WARN] ConditionMgr:438 - getConditionDescription Invalid condition id : UX DEVICE CLASS RTOS Condition cause : null
2024-06-20 22:42:51,684 [WARN] ConditionMgr:438 - getConditionDescription Invalid condition id : UX DEVICE CLASS RTOS Condition cause : null
2024-06-20 22:42:51,688 [WARN] PackLoader:240 - Cannot read IP mode file for STMicroelectronics.X-CUBE-AZRTOS-WB.2.0.0
2024-06-20 22:42:51,688 [WARN] ConditionMgr:1039 - genDependencies : Invalid condition id : UX DEVICE CLASS RTOS Condition cause : null
2024-06-20 22:42:51,689 [WARN] ConditionMgr:1039 - genDependencies : Invalid condition id : UX DEVICE CLASS RTOS Condition cause : null
2024-06-20 22:42:51,689 [WARN] ConditionMgr:1039 - genDependencies : Invalid condition id : UX DEVICE CLASS RTOS Condition cause : null
2024-06-20 22:42:51,689 [WARN] ConditionMgr:1039 - genDependencies : Invalid condition id : UX DEVICE CLASS RTOS Condition cause : null
2024-06-20 22:42:51,738 [WARN] ConditionMgr:1039 - genDependencies : Invalid condition id : UX DEVICE CLASS RTOS Condition cause : null
2024-06-20 22:42:51,751 [INFO] LogOutputStream:77 - [STDOUT_REDIRECT] 1 : Invalid condition id : UX_CORESTACK_Condition cause : null
2024-06-20 22:42:51,753 [INFO] LogOutputStream:77 - [STDOUT_REDIRECT] 1 : Invalid condition id : UX_CORESTACK_Condition cause : null
2024-06-20 22:42:51,755 [INFO] LogOutputStream:77 - [STDOUT_REDIRECT] 1 : Invalid condition id : UX_CORESTACK_Condition cause : null
2024-06-20 22:42:51,757 [INFO] LogOutputStream:77 - [STDOUT_REDIRECT] 1 : Invalid condition id : UX_CORESTACK_Condition cause : null
2024-06-20 22:42:51,758 [INFO] LogOutputStream:77 - [STDOUT_REDIRECT] 1 : Invalid condition id : UX_CORESTACK_Condition cause : null
2024-06-20 22:42:51,762 [WARN] PackLoader:240 - Cannot read IP mode file for STMicroelectronics.X-CUBE-AZRTOS-WL.2.0.0
2024-06-20 22:42:51,769 [WARN] PackLoader:240 - Cannot read IP mode file for wolfSSL.I-CUBE-wolfSSL.5.7.0
2024-06-20 22:42:51,773 [WARN] PackLoader:240 - Cannot read IP mode file for wolfSSL.I-CUBE-wolfMQTT.1.19.0
2024-06-20 22:42:51,815 [WARN] PackLoader:240 - Cannot read IP mode file for SEGGER.I-CUBE-embOS.1.3.1
2024-06-20 22:42:51,891 [WARN] PackLoader:240 - Cannot read IP mode file for portGmbH.I-Cube-SoM-uGOAL.1.1.0
2024-06-20 22:42:51,897 [WARN] PackLoader:240 - Cannot read IP mode file for emotas.I-CUBE-CANOPEN.1.3.0
2024-06-20 22:42:51,903 [WARN] PackLoader:240 - Cannot read IP mode file for WES.I-CUBE-Cesium.1.3.0
2024-06-20 22:42:51,910 [WARN] PackLoader:240 - Cannot read IP mode file for ITTIA_DB.I-CUBE-ITTIADB.8.9.0
2024-06-20 22:42:51,924 [WARN] PackLoader:240 - Cannot read IP mode file for Infineon.AIROC-Wi-Fi-Bluetooth-STM32.1.6.0
2024-06-20 22:42:51,934 [WARN] PackLoader:240 - Cannot read IP mode file for Cesanta.I-CUBE-Mongoose.7.13.0
2024-06-20 22:42:51,934 [INFO] PopulateThirdPartyThread:66 - Ending populate Thread
2024-06-20 22:42:51,937 [INFO] ThirdParty:1030 - CMSIS Pack Vendor :STMicroelectronics X-CUBE-DISPLAY 3.0.0
2024-06-20 22:42:51,937 [INFO] ThirdParty:1030 - CMSIS Pack Vendor :STMicroelectronics X-CUBE-GNSS1 6.0.0
2024-06-20 22:42:51,937 [INFO] ThirdParty:1030 - CMSIS Pack Vendor :STMicroelectronics FP-SNS-MOTENVWB1 1.4.0
2024-06-20 22:42:51,938 [INFO] ThirdParty:1030 - CMSIS Pack Vendor :STMicroelectronics X-CUBE-AZRTOS-F4 1.1.0
2024-06-20 22:42:51,938 [INFO] ThirdParty:1030 - CMSIS Pack Vendor :wolfSSL I-CUBE-wolfSSL 5.7.0
2024-06-20 22:42:51,938 [INFO] ThirdParty:1030 - CMSIS Pack Vendor :STMicroelectronics FP-ATR-SIGFOX1 3.2.0
2024-06-20 22:42:51,938 [INFO] ThirdParty:1030 - CMSIS Pack Vendor :STMicroelectronics X-CUBE-BLE1 7.0.0
2024-06-20 22:42:51,938 [INFO] ThirdParty:1030 - CMSIS Pack Vendor :STMicroelectronics X-CUBE-SMBUS 2.1.0
2024-06-20 22:42:51,938 [INFO] ThirdParty:1030 - CMSIS Pack Vendor :STMicroelectronics X-CUBE-ISPU 2.0.0
2024-06-20 22:42:51,938 [INFO] ThirdParty:1030 - CMSIS Pack Vendor :STMicroelectronics X-CUBE-TCPP 4.1.0
2024-06-20 22:42:51,938 [INFO] ThirdParty:1030 - CMSIS Pack Vendor :STMicroelectronics X-CUBE-EEPRMA1 5.1.0
2024-06-20 22:42:51,938 [INFO] ThirdParty:1030 - CMSIS Pack Vendor :STMicroelectronics X-CUBE-ALS 1.0.2
2024-06-20 22:42:51,938 [INFO] ThirdParty:1030 - CMSIS Pack Vendor :STMicroelectronics X-CUBE-FREERTOS 1.2.0
2024-06-20 22:42:51,938 [INFO] ThirdParty:1030 - CMSIS Pack Vendor :STMicroelectronics X-CUBE-AZRTOS-WB 2.0.0
2024-06-20 22:42:51,939 [INFO] ThirdParty:1030 - CMSIS Pack Vendor :emotas I-CUBE-CANOPEN 1.3.0
2024-06-20 22:42:51,939 [INFO] ThirdParty:1030 - CMSIS Pack Vendor :STMicroelectronics X-CUBE-MEMS1 10.0.0
2024-06-20 22:42:51,939 [INFO] ThirdParty:1030 - CMSIS Pack Vendor :STMicroelectronics X-CUBE-NFC7 1.0.1
2024-06-20 22:42:51,939 [INFO] ThirdParty:1030 - CMSIS Pack Vendor :ITTIA_DB I-CUBE-ITTIADB 8.9.0
2024-06-20 22:42:51,939 [INFO] ThirdParty:1030 - CMSIS Pack Vendor :STMicroelectronics X-CUBE-TOUCHGFX 4.23.2
2024-06-20 22:42:51,939 [INFO] ThirdParty:1030 - CMSIS Pack Vendor :STMicroelectronics X-CUBE-AZRTOS-F7 1.1.0
2024-06-20 22:42:51,939 [INFO] ThirdParty:1030 - CMSIS Pack Vendor :STMicroelectronics X-CUBE-AZRTOS-L5 2.0.0
2024-06-20 22:42:51,939 [INFO] ThirdParty:1030 - CMSIS Pack Vendor :portGmbH I-Cube-SoM-uGOAL 1.1.0
2024-06-20 22:42:51,939 [INFO] ThirdParty:1030 - CMSIS Pack Vendor :STMicroelectronics X-CUBE-NFC6 3.1.0
2024-06-20 22:42:51,939 [INFO] ThirdParty:1030 - CMSIS Pack Vendor :STMicroelectronics X-CUBE-BLEMGR 3.1.0
2024-06-20 22:42:51,939 [INFO] ThirdParty:1030 - CMSIS Pack Vendor :STMicroelectronics FP-SNS-SMARTAG2 1.2.0
2024-06-20 22:42:51,939 [INFO] ThirdParty:1030 - CMSIS Pack Vendor :STMicroelectronics X-CUBE-AZRTOS-WL 2.0.0
2024-06-20 22:42:51,939 [INFO] ThirdParty:1030 - CMSIS Pack Vendor :SEGGER I-CUBE-embOS 1.3.1
2024-06-20 22:42:51,939 [INFO] ThirdParty:1030 - CMSIS Pack Vendor :STMicroelectronics X-CUBE-ALGOBUILD 1.4.0
2024-06-20 22:42:51,939 [INFO] ThirdParty:1030 - CMSIS Pack Vendor :STMicroelectronics FP-SNS-MOTENV1 5.0.0
2024-06-20 22:42:51,939 [INFO] ThirdParty:1030 - CMSIS Pack Vendor :STMicroelectronics X-CUBE-AZRTOS-G0 1.1.0
2024-06-20 22:42:51,939 [INFO] ThirdParty:1030 - CMSIS Pack Vendor :STMicroelectronics X-CUBE-NFC4 3.0.0
2024-06-20 22:42:51,939 [INFO] ThirdParty:1030 - CMSIS Pack Vendor :STMicroelectronics X-CUBE-SAFEA1 1.2.2
2024-06-20 22:42:51,939 [INFO] ThirdParty:1030 - CMSIS Pack Vendor :STMicroelectronics X-CUBE-SUBG2 5.0.0
2024-06-20 22:42:51,939 [INFO] ThirdParty:1030 - CMSIS Pack Vendor :STMicroelectronics X-CUBE-AZRTOS-H7RS 1.0.0
2024-06-20 22:42:51,940 [INFO] ThirdParty:1030 - CMSIS Pack Vendor :wolfSSL I-CUBE-wolfMQTT 1.19.0
2024-06-20 22:42:51,940 [INFO] ThirdParty:1030 - CMSIS Pack Vendor :STMicroelectronics X-CUBE-AZRTOS-L4 2.0.0
2024-06-20 22:42:51,940 [INFO] ThirdParty:1030 - CMSIS Pack Vendor :STMicroelectronics FP-ATR-ASTRA1 2.0.0
2024-06-20 22:42:51,940 [INFO] ThirdParty:1030 - CMSIS Pack Vendor :WES I-CUBE-Cesium 1.3.0
2024-06-20 22:42:51,940 [INFO] ThirdParty:1030 - CMSIS Pack Vendor :STMicroelectronics X-CUBE-SFXS2LP1 4.0.0
2024-06-20 22:42:51,940 [INFO] ThirdParty:1030 - CMSIS Pack Vendor :STMicroelectronics FP-SNS-FLIGHT1 5.0.2
2024-06-20 22:42:51,940 [INFO] ThirdParty:1030 - CMSIS Pack Vendor :STMicroelectronics X-CUBE-BLE2 3.3.0
2024-06-20 22:42:51,940 [INFO] ThirdParty:1030 - CMSIS Pack Vendor :Cesanta I-CUBE-Mongoose 7.13.0
2024-06-20 22:42:51,940 [INFO] ThirdParty:1030 - CMSIS Pack Vendor :STMicroelectronics X-CUBE-AI 9.0.0
2024-06-20 22:42:51,940 [INFO] ThirdParty:1030 - CMSIS Pack Vendor :STMicroelectronics X-CUBE-TOF1 3.4.1
2024-06-20 22:42:51,940 [INFO] ThirdParty:1030 - CMSIS Pack Vendor :STMicroelectronics X-CUBE-AZRTOS-G4 2.0.0
2024-06-20 22:42:51,940 [INFO] ThirdParty:1030 - CMSIS Pack Vendor :STMicroelectronics X-CUBE-AZRTOS-H7 3.2.0
2024-06-20 22:42:51,940 [INFO] ThirdParty:1030 - CMSIS Pack Vendor :Infineon AIROC-Wi-Fi-Bluetooth-STM32 1.6.0
2024-06-20 22:42:51,941 [INFO] LoadServerUpdatesThread:375 - End of LoadServerUpdate Thread
2024-06-20 23:24:32,891 [ERROR] LogOutputStream:75 - [STDERR_REDIRECT] 
