2024-07-12 23:41:12,716 [INFO] Activator:176 - 


2024-07-12 23:41:12,721 [INFO] Activator:177 - !SESSION log4j initialized
2024-07-12 23:41:18,907 [INFO] LogOutputStream:77 - [STDOUT_REDIRECT] 
2024-07-12 23:41:22,361 [INFO] ApplicationProperties:184 - Using Application install path: C:\STM32CubeIDE_1.15.1\STM32CubeIDE\plugins\com.st.stm32cube.common.mx_6.11.1.202404110753
2024-07-12 23:41:22,375 [INFO] DbMcusXml:78 - Set database path to: C:\STM32CubeIDE_1.15.1\STM32CubeIDE\plugins\com.st.stm32cube.common.mx_6.11.1.202404110753\\db\/mcu/
2024-07-12 23:41:22,375 [INFO] ApiDb:274 - Set plugin database path to: C:\STM32CubeIDE_1.15.1\STM32CubeIDE\plugins\com.st.stm32cube.common.mx_6.11.1.202404110753\\db\/plugins/boardmanager/
2024-07-12 23:41:22,376 [WARN] ApiDb:259 - Overriding images path with different value:  => C:\STM32CubeIDE_1.15.1\STM32CubeIDE\plugins\com.st.stm32cube.common.mx_6.11.1.202404110753\\db\/plugins/mcufinder/images/
2024-07-12 23:41:22,383 [INFO] ApiDb:250 - Set database path to: C:\Users\jinge\.stmcufinder\plugins\mcufinder//mcu/
2024-07-12 23:41:22,383 [INFO] DbMcusAds:125 - Set database path to: C:\Users\jinge\.stmcufinder\plugins\mcufinder//mcu/
2024-07-12 23:41:22,385 [INFO] CrossReferenceDbSqlite:203 - Set database path to: C:\Users\jinge\.stmcufinder\plugins\mcufinder//mcu/cs/
2024-07-12 23:41:22,481 [INFO] RulesReader:64 - Compatibility file has been processed (297 Rules)
2024-07-12 23:41:22,547 [INFO] DbMcusXml:78 - Set database path to: C:\STM32CubeIDE_1.15.1\STM32CubeIDE\plugins\com.st.stm32cube.common.mx_6.11.1.202404110753\\db\/mcu/
2024-07-12 23:41:22,548 [INFO] ApiDb:274 - Set plugin database path to: C:\STM32CubeIDE_1.15.1\STM32CubeIDE\plugins\com.st.stm32cube.common.mx_6.11.1.202404110753\\db\/plugins/boardmanager/
2024-07-12 23:41:22,548 [INFO] ApiDb:261 - Set plugin images path to: C:\STM32CubeIDE_1.15.1\STM32CubeIDE\plugins\com.st.stm32cube.common.mx_6.11.1.202404110753\\db\/plugins/mcufinder/images/
2024-07-12 23:41:22,548 [WARN] DbFile:41 - Overriding database path with different value: C:\Users\jinge\.stmcufinder\plugins\mcufinder/ => C:\Users\jinge\.stmcufinder\plugins\mcufinder
2024-07-12 23:41:22,548 [INFO] ApiDb:250 - Set database path to: C:\Users\jinge\.stmcufinder\plugins\mcufinder//mcu/
2024-07-12 23:41:22,548 [WARN] DbFile:41 - Overriding database path with different value: C:\Users\jinge\.stmcufinder\plugins\mcufinder/ => C:\Users\jinge\.stmcufinder\plugins\mcufinder
2024-07-12 23:41:22,548 [INFO] DbMcusAds:125 - Set database path to: C:\Users\jinge\.stmcufinder\plugins\mcufinder//mcu/
2024-07-12 23:41:22,548 [WARN] DbFile:41 - Overriding database path with different value: C:\Users\jinge\.stmcufinder\plugins\mcufinder/ => C:\Users\jinge\.stmcufinder\plugins\mcufinder
2024-07-12 23:41:22,548 [WARN] DbFile:41 - Overriding database path with different value: C:\Users\jinge\.stmcufinder\plugins\mcufinder/ => C:\Users\jinge\.stmcufinder\plugins\mcufinder
2024-07-12 23:41:22,548 [INFO] CrossReferenceDbSqlite:203 - Set database path to: C:\Users\jinge\.stmcufinder\plugins\mcufinder//mcu/cs/
2024-07-12 23:41:22,610 [INFO] MainPanel:264 - HeapMemory: 268435456
2024-07-12 23:41:22,683 [INFO] DbMcusXml:78 - Set database path to: C:\STM32CubeIDE_1.15.1\STM32CubeIDE\plugins\com.st.stm32cube.common.mx_6.11.1.202404110753\\db\/mcu/
2024-07-12 23:41:22,684 [INFO] ApiDb:274 - Set plugin database path to: C:\STM32CubeIDE_1.15.1\STM32CubeIDE\plugins\com.st.stm32cube.common.mx_6.11.1.202404110753\\db\/plugins/boardmanager/
2024-07-12 23:41:22,684 [INFO] ApiDb:261 - Set plugin images path to: C:\STM32CubeIDE_1.15.1\STM32CubeIDE\plugins\com.st.stm32cube.common.mx_6.11.1.202404110753\\db\/plugins/mcufinder/images/
2024-07-12 23:41:22,684 [WARN] DbFile:41 - Overriding database path with different value: C:\Users\jinge\.stmcufinder\plugins\mcufinder/ => C:\Users\jinge\.stmcufinder\plugins\mcufinder
2024-07-12 23:41:22,684 [INFO] ApiDb:250 - Set database path to: C:\Users\jinge\.stmcufinder\plugins\mcufinder//mcu/
2024-07-12 23:41:22,684 [WARN] DbFile:41 - Overriding database path with different value: C:\Users\jinge\.stmcufinder\plugins\mcufinder/ => C:\Users\jinge\.stmcufinder\plugins\mcufinder
2024-07-12 23:41:22,684 [INFO] DbMcusAds:125 - Set database path to: C:\Users\jinge\.stmcufinder\plugins\mcufinder//mcu/
2024-07-12 23:41:22,684 [WARN] DbFile:41 - Overriding database path with different value: C:\Users\jinge\.stmcufinder\plugins\mcufinder/ => C:\Users\jinge\.stmcufinder\plugins\mcufinder
2024-07-12 23:41:22,684 [WARN] DbFile:41 - Overriding database path with different value: C:\Users\jinge\.stmcufinder\plugins\mcufinder/ => C:\Users\jinge\.stmcufinder\plugins\mcufinder
2024-07-12 23:41:22,684 [INFO] CrossReferenceDbSqlite:203 - Set database path to: C:\Users\jinge\.stmcufinder\plugins\mcufinder//mcu/cs/
2024-07-12 23:41:22,699 [INFO] ApplicationProperties:184 - Using Application install path: C:\STM32CubeIDE_1.15.1\STM32CubeIDE\plugins\com.st.stm32cube.common.mx_6.11.1.202404110753
2024-07-12 23:41:22,700 [INFO] PluginManage:196 - Search for loadable plugins [exclusion list=, ]
2024-07-12 23:41:22,701 [INFO] PluginManage:310 - Check plugin analytics
2024-07-12 23:41:22,851 [INFO] AnalyticsPlugin:253 - Accepted Software Licenses: 
2024-07-12 23:41:22,852 [INFO] AnalyticsPlugin:255 - Accepted CMSIS Pack Licenses: 
2024-07-12 23:41:22,852 [INFO] AnalyticsPlugin:257 - Accepted Firmware Licenses: FW.F4.1.28.0
2024-07-12 23:41:22,854 [INFO] PluginManage:359 - Loaded plugin analytics (category:tool,tabindex:-1)
2024-07-12 23:41:22,854 [INFO] PluginManage:310 - Check plugin cadmodel
2024-07-12 23:41:22,870 [INFO] CADModel:105 - Init CAD model plugin
2024-07-12 23:41:22,871 [INFO] PluginManage:359 - Loaded plugin cadmodel (category:power,tabindex:5)
2024-07-12 23:41:22,871 [INFO] PluginManage:310 - Check plugin clock
2024-07-12 23:41:22,890 [INFO] PluginManage:359 - Loaded plugin clock (category:base,tabindex:2)
2024-07-12 23:41:22,890 [INFO] PluginManage:310 - Check plugin ddr
2024-07-12 23:41:22,892 [INFO] PluginManage:359 - Loaded plugin ddr (category:tool,tabindex:6)
2024-07-12 23:41:22,892 [INFO] PluginManage:310 - Check plugin filemanager
2024-07-12 23:41:23,029 [INFO] PluginManage:359 - Loaded plugin filemanager (category:base,tabindex:10)
2024-07-12 23:41:23,029 [INFO] PluginManage:310 - Check plugin ipmanager
2024-07-12 23:41:23,036 [INFO] PluginManage:359 - Loaded plugin ipmanager (category:base,tabindex:5)
2024-07-12 23:41:23,036 [INFO] PluginManage:310 - Check plugin lpbam
2024-07-12 23:41:23,054 [INFO] PluginManage:359 - Loaded plugin lpbam (category:base,tabindex:0)
2024-07-12 23:41:23,054 [INFO] PluginManage:310 - Check plugin memorymap
2024-07-12 23:41:23,079 [INFO] PluginManage:359 - Loaded plugin memorymap (category:base,tabindex:4)
2024-07-12 23:41:23,079 [INFO] PluginManage:310 - Check plugin pinoutandconfiguration
2024-07-12 23:41:23,094 [INFO] PluginManage:359 - Loaded plugin pinoutandconfiguration (category:base,tabindex:1)
2024-07-12 23:41:23,094 [INFO] PluginManage:310 - Check plugin pinoutconfig
2024-07-12 23:41:23,172 [WARN] SupportedApi:132 - Cannot load RTOS API schema: s4s-elt-must-match.1: The content of 'definitions' must match (annotation?, (simpleType | complexType)?, (unique | key | keyref)*)). A problem was found starting at: attribute.
2024-07-12 23:41:23,273 [INFO] PluginManage:359 - Loaded plugin pinoutconfig (category:base,tabindex:0)
2024-07-12 23:41:23,273 [INFO] PluginManage:310 - Check plugin power
2024-07-12 23:41:23,289 [INFO] PluginManage:359 - Loaded plugin power (category:power,tabindex:4)
2024-07-12 23:41:23,289 [INFO] PluginManage:310 - Check plugin projectmanager
2024-07-12 23:41:23,302 [INFO] PluginManage:359 - Loaded plugin projectmanager (category:projectmanager,tabindex:3)
2024-07-12 23:41:23,302 [INFO] PluginManage:310 - Check plugin thirdparty
2024-07-12 23:41:23,553 [INFO] PluginManage:359 - Loaded plugin thirdparty (category:base,tabindex:-1)
2024-07-12 23:41:23,553 [INFO] PluginManage:310 - Check plugin tools
2024-07-12 23:41:23,553 [WARN] IntegrityCheckThread:84 - waiting for thirdparty lock release [integrity check]
2024-07-12 23:41:23,553 [INFO] IntegrityCheckThread:86 - entering critical section [integrity check]
2024-07-12 23:41:23,554 [INFO] ThirdPartyUpdaterWithRetryManager:70 - Updater plugin not ready yet. [1/15]
2024-07-12 23:41:23,603 [INFO] PluginManage:359 - Loaded plugin tools (category:base,tabindex:7)
2024-07-12 23:41:23,603 [INFO] PluginManage:310 - Check plugin tutovideos
2024-07-12 23:41:23,788 [INFO] PluginManage:359 - Loaded plugin tutovideos (category:base,tabindex:-1)
2024-07-12 23:41:23,788 [INFO] PluginManage:310 - Check plugin updater
2024-07-12 23:41:23,799 [INFO] PluginManage:359 - Loaded plugin updater (category:base,tabindex:12)
2024-07-12 23:41:23,799 [INFO] PluginManage:310 - Check plugin userauth
2024-07-12 23:41:23,805 [INFO] UserAuth:114 - Init User Auth plugin
2024-07-12 23:41:23,805 [INFO] PluginManage:359 - Loaded plugin userauth (category:base,tabindex:14)
2024-07-12 23:41:23,806 [INFO] PluginManage:283 - PluginManage : Loaded plugins [17]
2024-07-12 23:41:23,998 [INFO] PinOutPanel:1561 - setPackage(No Configuration,No Configuration)
2024-07-12 23:41:24,063 [INFO] CADModel:165 - CPN selected for project level
2024-07-12 23:41:24,063 [INFO] CADModel:114 - Register for checkConnection events
2024-07-12 23:41:24,101 [INFO] IPUIPlugin:80 - create IPUIPlugin
2024-07-12 23:41:24,101 [INFO] PluginManager:220 - loadIPPluginJar : add adc
2024-07-12 23:41:24,132 [INFO] IPUIPlugin:80 - create IPUIPlugin
2024-07-12 23:41:24,132 [INFO] PluginManager:220 - loadIPPluginJar : add aes
2024-07-12 23:41:24,171 [INFO] IPUIPlugin:80 - create IPUIPlugin
2024-07-12 23:41:24,171 [INFO] PluginManager:220 - loadIPPluginJar : add can
2024-07-12 23:41:24,193 [INFO] IPUIPlugin:80 - create IPUIPlugin
2024-07-12 23:41:24,193 [INFO] PluginManager:220 - loadIPPluginJar : add comp
2024-07-12 23:41:24,225 [INFO] IPUIPlugin:80 - create IPUIPlugin
2024-07-12 23:41:24,225 [INFO] PluginManager:220 - loadIPPluginJar : add cryp
2024-07-12 23:41:24,254 [INFO] IPUIPlugin:80 - create IPUIPlugin
2024-07-12 23:41:24,254 [INFO] PluginManager:220 - loadIPPluginJar : add dfsdm
2024-07-12 23:41:24,267 [INFO] IPUIPlugin:80 - create IPUIPlugin
2024-07-12 23:41:24,268 [INFO] PluginManager:220 - loadIPPluginJar : add dma
2024-07-12 23:41:24,309 [INFO] IPUIPlugin:80 - create IPUIPlugin
2024-07-12 23:41:24,309 [INFO] PluginManager:220 - loadIPPluginJar : add dma3
2024-07-12 23:41:24,353 [INFO] IPUIPlugin:80 - create IPUIPlugin
2024-07-12 23:41:24,354 [INFO] PluginManager:220 - loadIPPluginJar : add extmemmanager
2024-07-12 23:41:24,373 [INFO] IPUIPlugin:80 - create IPUIPlugin
2024-07-12 23:41:24,373 [INFO] PluginManager:220 - loadIPPluginJar : add fatfs
2024-07-12 23:41:24,419 [INFO] IPUIPlugin:80 - create IPUIPlugin
2024-07-12 23:41:24,419 [INFO] PluginManager:220 - loadIPPluginJar : add fmc
2024-07-12 23:41:24,432 [INFO] IPUIPlugin:80 - create IPUIPlugin
2024-07-12 23:41:24,432 [INFO] PluginManager:220 - loadIPPluginJar : add freertos
2024-07-12 23:41:24,455 [INFO] IPUIPlugin:80 - create IPUIPlugin
2024-07-12 23:41:24,455 [INFO] PluginManager:220 - loadIPPluginJar : add genericplugin
2024-07-12 23:41:24,560 [INFO] IPUIPlugin:80 - create IPUIPlugin
2024-07-12 23:41:24,560 [INFO] PluginManager:220 - loadIPPluginJar : add gfxmmu
2024-07-12 23:41:24,738 [INFO] IPUIPlugin:80 - create IPUIPlugin
2024-07-12 23:41:24,738 [INFO] PluginManager:220 - loadIPPluginJar : add gic
2024-07-12 23:41:24,753 [INFO] IPUIPlugin:80 - create IPUIPlugin
2024-07-12 23:41:24,753 [INFO] PluginManager:220 - loadIPPluginJar : add gpio
2024-07-12 23:41:24,858 [INFO] IPUIPlugin:80 - create IPUIPlugin
2024-07-12 23:41:24,858 [INFO] PluginManager:220 - loadIPPluginJar : add gtzc
2024-07-12 23:41:24,889 [INFO] IPUIPlugin:80 - create IPUIPlugin
2024-07-12 23:41:24,890 [INFO] PluginManager:220 - loadIPPluginJar : add hash
2024-07-12 23:41:24,941 [INFO] IPUIPlugin:80 - create IPUIPlugin
2024-07-12 23:41:24,941 [INFO] PluginManager:220 - loadIPPluginJar : add i2c
2024-07-12 23:41:24,976 [INFO] IPUIPlugin:80 - create IPUIPlugin
2024-07-12 23:41:24,977 [INFO] PluginManager:220 - loadIPPluginJar : add i2s
2024-07-12 23:41:25,012 [INFO] IPUIPlugin:80 - create IPUIPlugin
2024-07-12 23:41:25,013 [INFO] PluginManager:220 - loadIPPluginJar : add i3c
2024-07-12 23:41:25,105 [INFO] IPUIPlugin:80 - create IPUIPlugin
2024-07-12 23:41:25,106 [INFO] PluginManager:220 - loadIPPluginJar : add ipddr
2024-07-12 23:41:25,200 [INFO] IPUIPlugin:80 - create IPUIPlugin
2024-07-12 23:41:25,200 [INFO] PluginManager:220 - loadIPPluginJar : add linkedlist
2024-07-12 23:41:25,238 [INFO] IPUIPlugin:80 - create IPUIPlugin
2024-07-12 23:41:25,238 [INFO] PluginManager:220 - loadIPPluginJar : add lorawan
2024-07-12 23:41:25,278 [INFO] IPUIPlugin:80 - create IPUIPlugin
2024-07-12 23:41:25,278 [INFO] PluginManager:220 - loadIPPluginJar : add ltdc
2024-07-12 23:41:25,290 [INFO] IPUIPlugin:80 - create IPUIPlugin
2024-07-12 23:41:25,290 [INFO] PluginManager:220 - loadIPPluginJar : add mdma
2024-07-12 23:41:25,301 [INFO] IPUIPlugin:80 - create IPUIPlugin
2024-07-12 23:41:25,301 [INFO] PluginManager:220 - loadIPPluginJar : add nvic
2024-07-12 23:41:25,336 [INFO] IPUIPlugin:80 - create IPUIPlugin
2024-07-12 23:41:25,336 [INFO] PluginManager:220 - loadIPPluginJar : add opamp
2024-07-12 23:41:25,413 [INFO] IPUIPlugin:80 - create IPUIPlugin
2024-07-12 23:41:25,414 [INFO] PluginManager:220 - loadIPPluginJar : add openamp
2024-07-12 23:41:25,460 [INFO] IPUIPlugin:80 - create IPUIPlugin
2024-07-12 23:41:25,460 [INFO] PluginManager:220 - loadIPPluginJar : add pdm2pcm
2024-07-12 23:41:25,475 [INFO] IPUIPlugin:80 - create IPUIPlugin
2024-07-12 23:41:25,477 [INFO] PluginManager:220 - loadIPPluginJar : add plateformsettings
2024-07-12 23:41:25,498 [INFO] IPUIPlugin:80 - create IPUIPlugin
2024-07-12 23:41:25,498 [INFO] PluginManager:220 - loadIPPluginJar : add quadspi
2024-07-12 23:41:25,511 [INFO] IPUIPlugin:80 - create IPUIPlugin
2024-07-12 23:41:25,511 [INFO] PluginManager:220 - loadIPPluginJar : add resmgrutility
2024-07-12 23:41:25,554 [INFO] IPUIPlugin:80 - create IPUIPlugin
2024-07-12 23:41:25,554 [INFO] PluginManager:220 - loadIPPluginJar : add sai
2024-07-12 23:41:25,588 [INFO] IPUIPlugin:80 - create IPUIPlugin
2024-07-12 23:41:25,588 [INFO] PluginManager:220 - loadIPPluginJar : add spi
2024-07-12 23:41:25,663 [INFO] IPUIPlugin:80 - create IPUIPlugin
2024-07-12 23:41:25,663 [INFO] PluginManager:220 - loadIPPluginJar : add stm32_wpan
2024-07-12 23:41:25,693 [INFO] IPUIPlugin:80 - create IPUIPlugin
2024-07-12 23:41:25,693 [INFO] PluginManager:220 - loadIPPluginJar : add tim
2024-07-12 23:41:25,757 [INFO] IPUIPlugin:80 - create IPUIPlugin
2024-07-12 23:41:25,757 [INFO] PluginManager:220 - loadIPPluginJar : add touchsensing
2024-07-12 23:41:25,787 [INFO] IPUIPlugin:80 - create IPUIPlugin
2024-07-12 23:41:25,788 [INFO] PluginManager:220 - loadIPPluginJar : add tracer_emb
2024-07-12 23:41:25,817 [INFO] IPUIPlugin:80 - create IPUIPlugin
2024-07-12 23:41:25,817 [INFO] PluginManager:220 - loadIPPluginJar : add ts
2024-07-12 23:41:25,840 [INFO] IPUIPlugin:80 - create IPUIPlugin
2024-07-12 23:41:25,840 [INFO] PluginManager:220 - loadIPPluginJar : add tsc
2024-07-12 23:41:25,864 [INFO] IPUIPlugin:80 - create IPUIPlugin
2024-07-12 23:41:25,865 [INFO] PluginManager:220 - loadIPPluginJar : add ucpd
2024-07-12 23:41:25,914 [INFO] IPUIPlugin:80 - create IPUIPlugin
2024-07-12 23:41:25,914 [INFO] PluginManager:220 - loadIPPluginJar : add usart
2024-07-12 23:41:25,964 [INFO] IPUIPlugin:80 - create IPUIPlugin
2024-07-12 23:41:25,964 [INFO] PluginManager:220 - loadIPPluginJar : add usbx
2024-07-12 23:41:26,094 [INFO] CADModel:165 - CPN selected for project level
2024-07-12 23:41:26,094 [INFO] CADModel:114 - Register for checkConnection events
2024-07-12 23:41:26,094 [FATAL] Updater:308 - Updater called before beeing initialized
2024-07-12 23:41:26,094 [ERROR] CADModel:125 - Updater not yet initialized, retry later 
2024-07-12 23:41:26,224 [INFO] CADModel:165 - CPN selected for project level
2024-07-12 23:41:26,224 [INFO] CADModel:114 - Register for checkConnection events
2024-07-12 23:41:26,271 [FATAL] Updater:308 - Updater called before beeing initialized
2024-07-12 23:41:26,271 [ERROR] CADModel:125 - Updater not yet initialized, retry later 
2024-07-12 23:41:26,275 [FATAL] Updater:308 - Updater called before beeing initialized
2024-07-12 23:41:26,387 [FATAL] Updater:308 - Updater called before beeing initialized
2024-07-12 23:41:26,398 [INFO] DbMcusAds:53 - JSON generation date=Thu May 16 18:22:01 KST 2024 (1715851321109)
2024-07-12 23:41:26,398 [FATAL] Updater:308 - Updater called before beeing initialized
2024-07-12 23:41:26,484 [WARN] DetailPanel:346 - Failed to get advertising image, set to default
2024-07-12 23:41:26,555 [INFO] ThirdPartyUpdaterWithRetryManager:70 - Updater plugin not ready yet. [2/15]
2024-07-12 23:41:26,560 [FATAL] Updater:308 - Updater called before beeing initialized
2024-07-12 23:41:26,562 [FATAL] Updater:308 - Updater called before beeing initialized
2024-07-12 23:41:26,562 [FATAL] Updater:308 - Updater called before beeing initialized
2024-07-12 23:41:26,562 [WARN] DetailPanel:346 - Failed to get advertising image, set to default
2024-07-12 23:41:26,563 [FATAL] Updater:308 - Updater called before beeing initialized
2024-07-12 23:41:26,618 [ERROR] Updater:1120 - MainUpdater not yet initialized. External WinMGr cannot be set.
2024-07-12 23:41:26,630 [INFO] Updater:1056 - Updater Version found : 6.11.1
2024-07-12 23:41:26,650 [INFO] ApplicationProperties:184 - Using Application install path: C:\STM32CubeIDE_1.15.1\STM32CubeIDE\plugins\com.st.stm32cube.common.mx_6.11.1.202404110753
2024-07-12 23:41:28,234 [ERROR] LogOutputStream:75 - [STDERR_REDIRECT] Jul 12, 2024 11:41:28 PM java.util.prefs.WindowsPreferences <init>
2024-07-12 23:41:28,235 [ERROR] LogOutputStream:75 - [STDERR_REDIRECT] WARNING: Could not open/create prefs root node Software\JavaSoft\Prefs at root 0xffffffff80000002. Windows RegCreateKeyEx(...) returned error code 5.
2024-07-12 23:41:28,235 [ERROR] LogOutputStream:75 - [STDERR_REDIRECT] 
2024-07-12 23:41:28,617 [INFO] MainUpdater:2873 - connection check result : 10
2024-07-12 23:41:28,618 [INFO] MainUpdater:290 - Updater Check For Update Now.
2024-07-12 23:41:28,618 [INFO] MicroXplorer:498 - Change Database Version : DB.6.0.111
2024-07-12 23:41:28,633 [INFO] McuFinderGlobals:63 - Set McuFinder mode to 2 (CubeIDE integrated)
2024-07-12 23:41:28,646 [INFO] UserAuth:415 - Internet connection configuration mode: 1
2024-07-12 23:41:28,674 [INFO] JxBrowserEngine:152 - Initiate JxBrowser Engine with user profile folder
2024-07-12 23:41:28,814 [INFO] CheckServerUpdateThread:120 - End of CheckServer Thread
2024-07-12 23:41:29,731 [WARN] PackLoader:240 - Cannot read IP mode file for STMicroelectronics.FP-SNS-MOTENVWB1.1.4.0
2024-07-12 23:41:29,747 [WARN] PackLoader:240 - Cannot read IP mode file for STMicroelectronics.X-CUBE-SMBUS.2.1.0
2024-07-12 23:41:29,761 [WARN] PackLoader:240 - Cannot read IP mode file for STMicroelectronics.X-CUBE-TOUCHGFX.4.23.2
2024-07-12 23:41:29,799 [WARN] PackLoader:240 - Cannot read IP mode file for STMicroelectronics.X-CUBE-AZRTOS-F7.1.1.0
2024-07-12 23:41:29,815 [WARN] PackLoader:240 - Cannot read IP mode file for STMicroelectronics.FP-SNS-FLIGHT1.5.0.2
2024-07-12 23:41:29,830 [WARN] PackLoader:240 - Cannot read IP mode file for STMicroelectronics.X-CUBE-DISPLAY.3.0.0
2024-07-12 23:41:29,847 [WARN] PackLoader:240 - Cannot read IP mode file for STMicroelectronics.X-CUBE-BLE1.7.0.0
2024-07-12 23:41:29,860 [WARN] PackLoader:240 - Cannot read IP mode file for emotas.I-CUBE-CANOPEN.1.3.0
2024-07-12 23:41:29,878 [WARN] PackLoader:240 - Cannot read IP mode file for STMicroelectronics.X-CUBE-BLEMGR.3.1.0
2024-07-12 23:41:29,893 [WARN] PackLoader:240 - Cannot read IP mode file for STMicroelectronics.FP-SNS-SMARTAG2.1.2.0
2024-07-12 23:41:29,918 [INFO] LogOutputStream:77 - [STDOUT_REDIRECT] 1 : Invalid condition id : UX_CORESTACK_Condition cause : null
2024-07-12 23:41:29,919 [INFO] LogOutputStream:77 - [STDOUT_REDIRECT] 1 : Invalid condition id : UX_CORESTACK_Condition cause : null
2024-07-12 23:41:29,920 [INFO] LogOutputStream:77 - [STDOUT_REDIRECT] 1 : Invalid condition id : UX_CORESTACK_Condition cause : null
2024-07-12 23:41:29,921 [INFO] LogOutputStream:77 - [STDOUT_REDIRECT] 1 : Invalid condition id : UX_CORESTACK_Condition cause : null
2024-07-12 23:41:29,922 [INFO] LogOutputStream:77 - [STDOUT_REDIRECT] 1 : Invalid condition id : UX_CORESTACK_Condition cause : null
2024-07-12 23:41:29,925 [WARN] PackLoader:240 - Cannot read IP mode file for STMicroelectronics.X-CUBE-AZRTOS-WL.2.0.0
2024-07-12 23:41:29,939 [WARN] PackLoader:240 - Cannot read IP mode file for STMicroelectronics.FP-SNS-MOTENV1.5.0.0
2024-07-12 23:41:29,950 [WARN] PackLoader:240 - Cannot read IP mode file for wolfSSL.I-CUBE-wolfMQTT.1.19.0
2024-07-12 23:41:29,962 [WARN] PackLoader:240 - Cannot read IP mode file for WES.I-CUBE-Cesium.1.3.0
2024-07-12 23:41:29,973 [WARN] PackLoader:240 - Cannot read IP mode file for STMicroelectronics.X-CUBE-BLE2.3.3.0
2024-07-12 23:41:29,984 [WARN] PackLoader:240 - Cannot read IP mode file for STMicroelectronics.X-CUBE-TCPP.4.1.0
2024-07-12 23:41:30,007 [WARN] PackLoader:240 - Cannot read IP mode file for STMicroelectronics.X-CUBE-AZRTOS-G0.1.1.0
2024-07-12 23:41:30,022 [WARN] PackLoader:240 - Cannot read IP mode file for STMicroelectronics.X-CUBE-SAFEA1.1.2.2
2024-07-12 23:41:30,036 [WARN] PackLoader:240 - Cannot read IP mode file for STMicroelectronics.X-CUBE-NFC4.3.0.0
2024-07-12 23:41:30,054 [WARN] PackLoader:240 - Cannot read IP mode file for EmbeddedOffice.I-CUBE-FS-RTOS.1.0.1
2024-07-12 23:41:30,055 [ERROR] ConditionMgr:805 - Attr not supported : Dmpu
2024-07-12 23:41:30,055 [ERROR] ConditionMgr:805 - Attr not supported : Dmpu
2024-07-12 23:41:30,055 [ERROR] ConditionMgr:805 - Attr not supported : Dmpu
2024-07-12 23:41:30,055 [ERROR] ConditionMgr:805 - Attr not supported : Dmpu
2024-07-12 23:41:30,055 [ERROR] ConditionMgr:805 - Attr not supported : Dmpu
2024-07-12 23:41:30,055 [ERROR] ConditionMgr:805 - Attr not supported : Dmpu
2024-07-12 23:41:30,055 [ERROR] ConditionMgr:805 - Attr not supported : Dmpu
2024-07-12 23:41:30,055 [ERROR] ConditionMgr:805 - Attr not supported : Dmpu
2024-07-12 23:41:30,055 [ERROR] ConditionMgr:805 - Attr not supported : Dmpu
2024-07-12 23:41:30,055 [ERROR] ConditionMgr:805 - Attr not supported : Dmpu
2024-07-12 23:41:30,055 [ERROR] ConditionMgr:805 - Attr not supported : Dmpu
2024-07-12 23:41:30,055 [ERROR] ConditionMgr:805 - Attr not supported : Dmpu
2024-07-12 23:41:30,056 [ERROR] ConditionMgr:805 - Attr not supported : Dmpu
2024-07-12 23:41:30,056 [ERROR] ConditionMgr:805 - Attr not supported : Dmpu
2024-07-12 23:41:30,056 [ERROR] ConditionMgr:805 - Attr not supported : Dmpu
2024-07-12 23:41:30,056 [ERROR] ConditionMgr:805 - Attr not supported : Dmpu
2024-07-12 23:41:30,056 [ERROR] ConditionMgr:805 - Attr not supported : Dmpu
2024-07-12 23:41:30,056 [ERROR] ConditionMgr:805 - Attr not supported : Dmpu
2024-07-12 23:41:30,056 [ERROR] ConditionMgr:805 - Attr not supported : Dmpu
2024-07-12 23:41:30,056 [ERROR] ConditionMgr:805 - Attr not supported : Dmpu
2024-07-12 23:41:30,056 [ERROR] ConditionMgr:805 - Attr not supported : Dmpu
2024-07-12 23:41:30,056 [ERROR] ConditionMgr:805 - Attr not supported : Dmpu
2024-07-12 23:41:30,056 [ERROR] ConditionMgr:805 - Attr not supported : Dmpu
2024-07-12 23:41:30,056 [ERROR] ConditionMgr:805 - Attr not supported : Dmpu
2024-07-12 23:41:30,056 [ERROR] ConditionMgr:805 - Attr not supported : Dmpu
2024-07-12 23:41:30,057 [ERROR] ConditionMgr:805 - Attr not supported : Dmpu
2024-07-12 23:41:30,057 [ERROR] ConditionMgr:805 - Attr not supported : Dmpu
2024-07-12 23:41:30,057 [ERROR] ConditionMgr:805 - Attr not supported : Dmpu
2024-07-12 23:41:30,057 [ERROR] ConditionMgr:805 - Attr not supported : Dmpu
2024-07-12 23:41:30,057 [ERROR] ConditionMgr:805 - Attr not supported : Dmpu
2024-07-12 23:41:30,057 [ERROR] ConditionMgr:805 - Attr not supported : Dmpu
2024-07-12 23:41:30,057 [ERROR] ConditionMgr:805 - Attr not supported : Dmpu
2024-07-12 23:41:30,057 [ERROR] ConditionMgr:805 - Attr not supported : Dmpu
2024-07-12 23:41:30,057 [ERROR] ConditionMgr:805 - Attr not supported : Dmpu
2024-07-12 23:41:30,057 [ERROR] ConditionMgr:805 - Attr not supported : Dmpu
2024-07-12 23:41:30,057 [ERROR] ConditionMgr:805 - Attr not supported : Dmpu
2024-07-12 23:41:30,057 [ERROR] ConditionMgr:805 - Attr not supported : Dmpu
2024-07-12 23:41:30,058 [ERROR] ConditionMgr:805 - Attr not supported : Dmpu
2024-07-12 23:41:30,058 [ERROR] ConditionMgr:805 - Attr not supported : Dmpu
2024-07-12 23:41:30,058 [ERROR] ConditionMgr:805 - Attr not supported : Dmpu
2024-07-12 23:41:30,058 [ERROR] ConditionMgr:805 - Attr not supported : Dmpu
2024-07-12 23:41:30,058 [ERROR] ConditionMgr:805 - Attr not supported : Dmpu
2024-07-12 23:41:30,058 [ERROR] ConditionMgr:805 - Attr not supported : Dmpu
2024-07-12 23:41:30,058 [ERROR] ConditionMgr:805 - Attr not supported : Dmpu
2024-07-12 23:41:30,058 [ERROR] ConditionMgr:805 - Attr not supported : Dmpu
2024-07-12 23:41:30,058 [ERROR] ConditionMgr:805 - Attr not supported : Dmpu
2024-07-12 23:41:30,058 [ERROR] ConditionMgr:805 - Attr not supported : Dmpu
2024-07-12 23:41:30,058 [ERROR] ConditionMgr:805 - Attr not supported : Dmpu
2024-07-12 23:41:30,059 [ERROR] ConditionMgr:805 - Attr not supported : Dmpu
2024-07-12 23:41:30,059 [ERROR] ConditionMgr:805 - Attr not supported : Dmpu
2024-07-12 23:41:30,059 [ERROR] ConditionMgr:805 - Attr not supported : Dmpu
2024-07-12 23:41:30,059 [ERROR] ConditionMgr:805 - Attr not supported : Dmpu
2024-07-12 23:41:30,059 [ERROR] ConditionMgr:805 - Attr not supported : Dmpu
2024-07-12 23:41:30,059 [ERROR] ConditionMgr:805 - Attr not supported : Dmpu
2024-07-12 23:41:30,059 [ERROR] ConditionMgr:805 - Attr not supported : Dmpu
2024-07-12 23:41:30,059 [ERROR] ConditionMgr:805 - Attr not supported : Dmpu
2024-07-12 23:41:30,059 [ERROR] ConditionMgr:805 - Attr not supported : Dmpu
2024-07-12 23:41:30,059 [ERROR] ConditionMgr:805 - Attr not supported : Dmpu
2024-07-12 23:41:30,059 [ERROR] ConditionMgr:805 - Attr not supported : Dmpu
2024-07-12 23:41:30,059 [ERROR] ConditionMgr:805 - Attr not supported : Dmpu
2024-07-12 23:41:30,059 [ERROR] ConditionMgr:805 - Attr not supported : Dmpu
2024-07-12 23:41:30,059 [ERROR] ConditionMgr:805 - Attr not supported : Dmpu
2024-07-12 23:41:30,059 [ERROR] ConditionMgr:805 - Attr not supported : Dmpu
2024-07-12 23:41:30,059 [ERROR] ConditionMgr:805 - Attr not supported : Dmpu
2024-07-12 23:41:30,072 [WARN] PackLoader:240 - Cannot read IP mode file for RealThread.X-CUBE-RT-Thread_Nano.4.1.1
2024-07-12 23:41:30,082 [WARN] PackLoader:240 - Cannot read IP mode file for wolfSSL.I-CUBE-wolfSSL.5.7.0
2024-07-12 23:41:30,091 [WARN] PackLoader:240 - Cannot read IP mode file for STMicroelectronics.FP-ATR-SIGFOX1.3.2.0
2024-07-12 23:41:30,103 [WARN] PackLoader:240 - Cannot read IP mode file for STMicroelectronics.X-CUBE-EEPRMA1.5.1.0
2024-07-12 23:41:30,116 [WARN] PackLoader:240 - Cannot read IP mode file for ITTIA_DB.I-CUBE-ITTIADB.8.9.0
2024-07-12 23:41:30,148 [WARN] PackLoader:240 - Cannot read IP mode file for SEGGER.I-CUBE-embOS.1.3.1
2024-07-12 23:41:30,193 [WARN] PackLoader:240 - Cannot read IP mode file for STMicroelectronics.X-CUBE-ALGOBUILD.1.4.0
2024-07-12 23:41:30,207 [WARN] PackLoader:240 - Cannot read IP mode file for STMicroelectronics.X-CUBE-GNSS1.6.0.0
2024-07-12 23:41:30,240 [WARN] PackLoader:240 - Cannot read IP mode file for STMicroelectronics.X-CUBE-AZRTOS-F4.1.1.0
2024-07-12 23:41:30,255 [WARN] PackLoader:240 - Cannot read IP mode file for STMicroelectronics.X-CUBE-FREERTOS.1.2.0
2024-07-12 23:41:30,332 [WARN] PackLoader:240 - Cannot read IP mode file for STMicroelectronics.X-CUBE-AZRTOS-L5.2.0.0
2024-07-12 23:41:30,365 [WARN] PackLoader:240 - Cannot read IP mode file for STMicroelectronics.X-CUBE-NFC6.3.1.0
2024-07-12 23:41:30,383 [WARN] PackLoader:240 - Cannot read IP mode file for STMicroelectronics.X-CUBE-DPower.1.2.0
2024-07-12 23:41:30,398 [WARN] PackLoader:240 - Cannot read IP mode file for STMicroelectronics.X-CUBE-AI.9.0.0
2024-07-12 23:41:30,414 [WARN] PackLoader:240 - Cannot read IP mode file for STMicroelectronics.X-CUBE-NFC7.1.0.1
2024-07-12 23:41:30,427 [WARN] PackLoader:240 - Cannot read IP mode file for wolfSSL.I-CUBE-wolfTPM.3.2.0
2024-07-12 23:41:30,453 [WARN] ConditionMgr:438 - getConditionDescription Invalid condition id : LAN8742 Phy interface Condition cause : null
2024-07-12 23:41:30,454 [WARN] PackLoader:240 - Cannot read IP mode file for STMicroelectronics.X-CUBE-AZRTOS-L4.2.0.0
2024-07-12 23:41:30,454 [WARN] ConditionMgr:1039 - genDependencies : Invalid condition id : LAN8742 Phy interface Condition cause : null
2024-07-12 23:41:30,455 [WARN] ConditionMgr:1039 - genDependencies : Invalid condition id : LAN8742 Phy interface Condition cause : null
2024-07-12 23:41:30,455 [WARN] ConditionMgr:1039 - genDependencies : Invalid condition id : LAN8742 Phy interface Condition cause : null
2024-07-12 23:41:30,469 [WARN] PackLoader:240 - Cannot read IP mode file for STMicroelectronics.X-CUBE-SFXS2LP1.4.0.0
2024-07-12 23:41:30,495 [WARN] ConditionMgr:438 - getConditionDescription Invalid condition id : UX DEVICE CLASS RTOS Condition cause : null
2024-07-12 23:41:30,496 [WARN] ConditionMgr:438 - getConditionDescription Invalid condition id : UX DEVICE CLASS RTOS Condition cause : null
2024-07-12 23:41:30,497 [WARN] PackLoader:240 - Cannot read IP mode file for STMicroelectronics.X-CUBE-AZRTOS-WB.2.0.0
2024-07-12 23:41:30,498 [WARN] ConditionMgr:1039 - genDependencies : Invalid condition id : UX DEVICE CLASS RTOS Condition cause : null
2024-07-12 23:41:30,498 [WARN] ConditionMgr:1039 - genDependencies : Invalid condition id : UX DEVICE CLASS RTOS Condition cause : null
2024-07-12 23:41:30,499 [WARN] ConditionMgr:1039 - genDependencies : Invalid condition id : UX DEVICE CLASS RTOS Condition cause : null
2024-07-12 23:41:30,499 [WARN] ConditionMgr:1039 - genDependencies : Invalid condition id : UX DEVICE CLASS RTOS Condition cause : null
2024-07-12 23:41:30,499 [WARN] ConditionMgr:1039 - genDependencies : Invalid condition id : UX DEVICE CLASS RTOS Condition cause : null
2024-07-12 23:41:30,524 [WARN] PackLoader:240 - Cannot read IP mode file for STMicroelectronics.X-CUBE-SUBG2.5.0.0
2024-07-12 23:41:30,546 [WARN] PackLoader:240 - Cannot read IP mode file for Cesanta.I-CUBE-Mongoose.7.13.0
2024-07-12 23:41:30,575 [WARN] PackLoader:240 - Cannot read IP mode file for STMicroelectronics.X-CUBE-AZRTOS-G4.2.0.0
2024-07-12 23:41:30,591 [WARN] PackLoader:240 - Cannot read IP mode file for STMicroelectronics.X-CUBE-ISPU.2.0.0
2024-07-12 23:41:30,605 [WARN] PackLoader:240 - Cannot read IP mode file for STMicroelectronics.X-CUBE-ALS.1.0.2
2024-07-12 23:41:30,646 [WARN] PackLoader:240 - Cannot read IP mode file for STMicroelectronics.X-CUBE-MEMS1.10.0.0
2024-07-12 23:41:30,755 [WARN] PackLoader:240 - Cannot read IP mode file for STMicroelectronics.X-CUBE-TOUCHGFX.4.24.0
2024-07-12 23:41:30,767 [WARN] PackLoader:240 - Cannot read IP mode file for portGmbH.I-Cube-SoM-uGOAL.1.1.0
2024-07-12 23:41:30,792 [WARN] PackLoader:240 - Cannot read IP mode file for STMicroelectronics.X-CUBE-AZRTOS-H7RS.1.0.0
2024-07-12 23:41:30,804 [WARN] PackLoader:240 - Cannot read IP mode file for STMicroelectronics.FP-ATR-ASTRA1.2.0.0
2024-07-12 23:41:30,822 [WARN] PackLoader:240 - Cannot read IP mode file for STMicroelectronics.X-CUBE-TOF1.3.4.1
2024-07-12 23:41:30,858 [WARN] PackLoader:240 - Cannot read IP mode file for STMicroelectronics.X-CUBE-AZRTOS-H7.3.2.0
2024-07-12 23:41:30,901 [WARN] PackLoader:240 - Cannot read IP mode file for Infineon.AIROC-Wi-Fi-Bluetooth-STM32.1.6.0
2024-07-12 23:41:30,935 [WARN] PackLoader:240 - Cannot read IP mode file for wolfSSL.I-CUBE-wolfSSH.1.4.17
2024-07-12 23:41:30,936 [INFO] ThirdParty:978 - Integrity check success = true
2024-07-12 23:41:30,937 [INFO] IntegrityCheckThread:100 - exiting critical section [integrity check]
2024-07-12 23:41:30,937 [INFO] IntegrityCheckThread:103 - End integrity checks thread
2024-07-12 23:41:33,012 [INFO] WebApp:161 - Instantiating new browser for Auth
2024-07-12 23:41:33,570 [INFO] WebApp:779 - Register for checkConnection events
2024-07-12 23:41:33,570 [INFO] WebApp:414 - Apply proxy settings
2024-07-12 23:41:33,570 [INFO] WebApp:499 - Chromium requires no authentication
2024-07-12 23:41:33,576 [INFO] WebApp:442 - Direct internet connection detected
2024-07-12 23:41:33,724 [INFO] WebApp:192 - Starting web application
2024-07-12 23:41:33,724 [INFO] WebApp:544 - Web application path used C:\STM32CubeIDE_1.15.1\STM32CubeIDE\plugins\com.st.stm32cube.common.mx_6.11.1.202404110753\db\plugins\mcufinder\reactClient1\index.html
